CRITICAL - 2021-09-30 00:07:14 --> Undefined property: stdClass::$password
#0 C:\wamp64\www\nagari\app\Views\profile\editadmin.php(40): CodeIgniter\Debug\Exceptions->errorHandler(8, 'Undefined prope...', 'C:\\wamp64\\www\\n...', 40, Array)
#1 C:\wamp64\www\nagari\vendor\codeigniter4\framework\system\View\View.php(214): include('C:\\wamp64\\www\\n...')
#2 C:\wamp64\www\nagari\vendor\codeigniter4\framework\system\View\View.php(217): CodeIgniter\View\View->CodeIgniter\View\{closure}()
#3 C:\wamp64\www\nagari\vendor\codeigniter4\framework\system\Common.php(1092): CodeIgniter\View\View->render('profile/editadm...', Array, true)
#4 C:\wamp64\www\nagari\app\Controllers\Profile.php(53): view('profile/editadm...', Array)
#5 C:\wamp64\www\nagari\vendor\codeigniter4\framework\system\CodeIgniter.php(802): App\Controllers\Profile->editadmin()
#6 C:\wamp64\www\nagari\vendor\codeigniter4\framework\system\CodeIgniter.php(399): CodeIgniter\CodeIgniter->runController(Object(App\Controllers\Profile))
#7 C:\wamp64\www\nagari\vendor\codeigniter4\framework\system\CodeIgniter.php(317): CodeIgniter\CodeIgniter->handleRequest(NULL, Object(Config\Cache), false)
#8 C:\wamp64\www\nagari\public\index.php(37): CodeIgniter\CodeIgniter->run()
#9 C:\wamp64\www\nagari\vendor\codeigniter4\framework\system\Commands\Server\rewrite.php(43): require_once('C:\\wamp64\\www\\n...')
#10 {main}
CRITICAL - 2021-09-30 00:12:32 --> Call to a member function getError() on null
#0 C:\wamp64\www\nagari\vendor\codeigniter4\framework\system\CodeIgniter.php(802): App\Controllers\Profile->updatadmin()
#1 C:\wamp64\www\nagari\vendor\codeigniter4\framework\system\CodeIgniter.php(399): CodeIgniter\CodeIgniter->runController(Object(App\Controllers\Profile))
#2 C:\wamp64\www\nagari\vendor\codeigniter4\framework\system\CodeIgniter.php(317): CodeIgniter\CodeIgniter->handleRequest(NULL, Object(Config\Cache), false)
#3 C:\wamp64\www\nagari\public\index.php(37): CodeIgniter\CodeIgniter->run()
#4 C:\wamp64\www\nagari\vendor\codeigniter4\framework\system\Commands\Server\rewrite.php(43): require_once('C:\\wamp64\\www\\n...')
#5 {main}
CRITICAL - 2021-09-30 00:33:48 --> Call to undefined method App\Models\AuthModel::user
#0 C:\wamp64\www\nagari\app\Controllers\User.php(234): CodeIgniter\Model->__call('user', Array)
#1 C:\wamp64\www\nagari\vendor\codeigniter4\framework\system\CodeIgniter.php(802): App\Controllers\User->delete('6')
#2 C:\wamp64\www\nagari\vendor\codeigniter4\framework\system\CodeIgniter.php(399): CodeIgniter\CodeIgniter->runController(Object(App\Controllers\User))
#3 C:\wamp64\www\nagari\vendor\codeigniter4\framework\system\CodeIgniter.php(317): CodeIgniter\CodeIgniter->handleRequest(NULL, Object(Config\Cache), false)
#4 C:\wamp64\www\nagari\public\index.php(37): CodeIgniter\CodeIgniter->run()
#5 C:\wamp64\www\nagari\vendor\codeigniter4\framework\system\Commands\Server\rewrite.php(43): require_once('C:\\wamp64\\www\\n...')
#6 {main}
CRITICAL - 2021-09-30 00:34:18 --> Call to undefined method App\Models\AuthModel::user
#0 C:\wamp64\www\nagari\app\Controllers\User.php(234): CodeIgniter\Model->__call('user', Array)
#1 C:\wamp64\www\nagari\vendor\codeigniter4\framework\system\CodeIgniter.php(802): App\Controllers\User->delete('6')
#2 C:\wamp64\www\nagari\vendor\codeigniter4\framework\system\CodeIgniter.php(399): CodeIgniter\CodeIgniter->runController(Object(App\Controllers\User))
#3 C:\wamp64\www\nagari\vendor\codeigniter4\framework\system\CodeIgniter.php(317): CodeIgniter\CodeIgniter->handleRequest(NULL, Object(Config\Cache), false)
#4 C:\wamp64\www\nagari\public\index.php(37): CodeIgniter\CodeIgniter->run()
#5 C:\wamp64\www\nagari\vendor\codeigniter4\framework\system\Commands\Server\rewrite.php(43): require_once('C:\\wamp64\\www\\n...')
#6 {main}
CRITICAL - 2021-09-30 02:25:04 --> Trying to get property 'nama' of non-object
#0 C:\wamp64\www\nagari\app\Views\profile\adminprof.php(26): CodeIgniter\Debug\Exceptions->errorHandler(8, 'Trying to get p...', 'C:\\wamp64\\www\\n...', 26, Array)
#1 C:\wamp64\www\nagari\vendor\codeigniter4\framework\system\View\View.php(214): include('C:\\wamp64\\www\\n...')
#2 C:\wamp64\www\nagari\vendor\codeigniter4\framework\system\View\View.php(217): CodeIgniter\View\View->CodeIgniter\View\{closure}()
#3 C:\wamp64\www\nagari\vendor\codeigniter4\framework\system\Common.php(1092): CodeIgniter\View\View->render('profile/adminpr...', Array, true)
#4 C:\wamp64\www\nagari\app\Controllers\Profile.php(33): view('profile/adminpr...', Array)
#5 C:\wamp64\www\nagari\vendor\codeigniter4\framework\system\CodeIgniter.php(802): App\Controllers\Profile->index()
#6 C:\wamp64\www\nagari\vendor\codeigniter4\framework\system\CodeIgniter.php(399): CodeIgniter\CodeIgniter->runController(Object(App\Controllers\Profile))
#7 C:\wamp64\www\nagari\vendor\codeigniter4\framework\system\CodeIgniter.php(317): CodeIgniter\CodeIgniter->handleRequest(NULL, Object(Config\Cache), false)
#8 C:\wamp64\www\nagari\public\index.php(37): CodeIgniter\CodeIgniter->run()
#9 C:\wamp64\www\nagari\vendor\codeigniter4\framework\system\Commands\Server\rewrite.php(43): require_once('C:\\wamp64\\www\\n...')
#10 {main}
CRITICAL - 2021-09-30 03:25:07 --> Trying to get property 'judul' of non-object
#0 C:\wamp64\www\nagari\app\Controllers\Permohonan.php(307): CodeIgniter\Debug\Exceptions->errorHandler(8, 'Trying to get p...', 'C:\\wamp64\\www\\n...', 307, Array)
#1 C:\wamp64\www\nagari\vendor\codeigniter4\framework\system\CodeIgniter.php(802): App\Controllers\Permohonan->delete('3')
#2 C:\wamp64\www\nagari\vendor\codeigniter4\framework\system\CodeIgniter.php(399): CodeIgniter\CodeIgniter->runController(Object(App\Controllers\Permohonan))
#3 C:\wamp64\www\nagari\vendor\codeigniter4\framework\system\CodeIgniter.php(317): CodeIgniter\CodeIgniter->handleRequest(NULL, Object(Config\Cache), false)
#4 C:\wamp64\www\nagari\public\index.php(37): CodeIgniter\CodeIgniter->run()
#5 C:\wamp64\www\nagari\vendor\codeigniter4\framework\system\Commands\Server\rewrite.php(43): require_once('C:\\wamp64\\www\\n...')
#6 {main}
CRITICAL - 2021-09-30 03:35:15 --> Undefined variable: berita
#0 C:\wamp64\www\nagari\app\Views\aduan\edit.php(31): CodeIgniter\Debug\Exceptions->errorHandler(8, 'Undefined varia...', 'C:\\wamp64\\www\\n...', 31, Array)
#1 C:\wamp64\www\nagari\vendor\codeigniter4\framework\system\View\View.php(214): include('C:\\wamp64\\www\\n...')
#2 C:\wamp64\www\nagari\vendor\codeigniter4\framework\system\View\View.php(217): CodeIgniter\View\View->CodeIgniter\View\{closure}()
#3 C:\wamp64\www\nagari\vendor\codeigniter4\framework\system\Common.php(1092): CodeIgniter\View\View->render('aduan/edit', Array, true)
#4 C:\wamp64\www\nagari\app\Controllers\Aduan.php(154): view('aduan/edit', Array)
#5 C:\wamp64\www\nagari\vendor\codeigniter4\framework\system\CodeIgniter.php(802): App\Controllers\Aduan->edit('2')
#6 C:\wamp64\www\nagari\vendor\codeigniter4\framework\system\CodeIgniter.php(399): CodeIgniter\CodeIgniter->runController(Object(App\Controllers\Aduan))
#7 C:\wamp64\www\nagari\vendor\codeigniter4\framework\system\CodeIgniter.php(317): CodeIgniter\CodeIgniter->handleRequest(NULL, Object(Config\Cache), false)
#8 C:\wamp64\www\nagari\public\index.php(37): CodeIgniter\CodeIgniter->run()
#9 C:\wamp64\www\nagari\vendor\codeigniter4\framework\system\Commands\Server\rewrite.php(43): require_once('C:\\wamp64\\www\\n...')
#10 {main}
CRITICAL - 2021-09-30 03:35:33 --> Undefined variable: berita
#0 C:\wamp64\www\nagari\app\Views\aduan\edit.php(31): CodeIgniter\Debug\Exceptions->errorHandler(8, 'Undefined varia...', 'C:\\wamp64\\www\\n...', 31, Array)
#1 C:\wamp64\www\nagari\vendor\codeigniter4\framework\system\View\View.php(214): include('C:\\wamp64\\www\\n...')
#2 C:\wamp64\www\nagari\vendor\codeigniter4\framework\system\View\View.php(217): CodeIgniter\View\View->CodeIgniter\View\{closure}()
#3 C:\wamp64\www\nagari\vendor\codeigniter4\framework\system\Common.php(1092): CodeIgniter\View\View->render('aduan/edit', Array, true)
#4 C:\wamp64\www\nagari\app\Controllers\Aduan.php(154): view('aduan/edit', Array)
#5 C:\wamp64\www\nagari\vendor\codeigniter4\framework\system\CodeIgniter.php(802): App\Controllers\Aduan->edit('2')
#6 C:\wamp64\www\nagari\vendor\codeigniter4\framework\system\CodeIgniter.php(399): CodeIgniter\CodeIgniter->runController(Object(App\Controllers\Aduan))
#7 C:\wamp64\www\nagari\vendor\codeigniter4\framework\system\CodeIgniter.php(317): CodeIgniter\CodeIgniter->handleRequest(NULL, Object(Config\Cache), false)
#8 C:\wamp64\www\nagari\public\index.php(37): CodeIgniter\CodeIgniter->run()
#9 C:\wamp64\www\nagari\vendor\codeigniter4\framework\system\Commands\Server\rewrite.php(43): require_once('C:\\wamp64\\www\\n...')
#10 {main}
ERROR - 2021-09-30 23:14:37 --> Error connecting to the database: No connection could be made because the target machine actively refused it.

CRITICAL - 2021-09-30 23:14:37 --> Unable to connect to the database.
Main connection [MySQLi]: No connection could be made because the target machine actively refused it.

#0 C:\wamp64\www\nagari\vendor\codeigniter4\framework\system\Database\BaseConnection.php(570): CodeIgniter\Database\BaseConnection->initialize()
#1 C:\wamp64\www\nagari\vendor\codeigniter4\framework\system\Database\BaseBuilder.php(1428): CodeIgniter\Database\BaseConnection->query('SELECT `foto` a...', Array, false)
#2 C:\wamp64\www\nagari\vendor\codeigniter4\framework\system\Model.php(720): CodeIgniter\Database\BaseBuilder->get()
#3 C:\wamp64\www\nagari\app\Models\GaleriModel.php(41): CodeIgniter\Model->__call('get', Array)
#4 C:\wamp64\www\nagari\app\Controllers\Web.php(31): App\Models\GaleriModel->gambar('Logo Icon')
#5 C:\wamp64\www\nagari\vendor\codeigniter4\framework\system\CodeIgniter.php(802): App\Controllers\Web->index()
#6 C:\wamp64\www\nagari\vendor\codeigniter4\framework\system\CodeIgniter.php(399): CodeIgniter\CodeIgniter->runController(Object(App\Controllers\Web))
#7 C:\wamp64\www\nagari\vendor\codeigniter4\framework\system\CodeIgniter.php(317): CodeIgniter\CodeIgniter->handleRequest(NULL, Object(Config\Cache), false)
#8 C:\wamp64\www\nagari\public\index.php(37): CodeIgniter\CodeIgniter->run()
#9 C:\wamp64\www\nagari\vendor\codeigniter4\framework\system\Commands\Server\rewrite.php(43): require_once('C:\\wamp64\\www\\n...')
#10 {main}
