CRITICAL - 2021-08-20 01:09:56 --> Call to undefined method App\Models\AduanModel::getMohon
#0 C:\wamp64\www\nagari\app\Controllers\Aduan.php(31): CodeIgniter\Model->__call('getMohon', Array)
#1 C:\wamp64\www\nagari\vendor\codeigniter4\framework\system\CodeIgniter.php(928): App\Controllers\Aduan->index()
#2 C:\wamp64\www\nagari\vendor\codeigniter4\framework\system\CodeIgniter.php(436): CodeIgniter\CodeIgniter->runController(Object(App\Controllers\Aduan))
#3 C:\wamp64\www\nagari\vendor\codeigniter4\framework\system\CodeIgniter.php(336): CodeIgniter\CodeIgniter->handleRequest(NULL, Object(Config\Cache), false)
#4 C:\wamp64\www\nagari\public\index.php(37): CodeIgniter\CodeIgniter->run()
#5 C:\wamp64\www\nagari\vendor\codeigniter4\framework\system\Commands\Server\rewrite.php(45): require_once('C:\\wamp64\\www\\n...')
#6 {main}
CRITICAL - 2021-08-20 02:17:38 --> Undefined variable: mohon
#0 C:\wamp64\www\nagari\app\Views\aduan\index.php(59): CodeIgniter\Debug\Exceptions->errorHandler(8, 'Undefined varia...', 'C:\\wamp64\\www\\n...', 59, Array)
#1 C:\wamp64\www\nagari\vendor\codeigniter4\framework\system\View\View.php(230): include('C:\\wamp64\\www\\n...')
#2 C:\wamp64\www\nagari\vendor\codeigniter4\framework\system\View\View.php(232): CodeIgniter\View\View->CodeIgniter\View\{closure}()
#3 C:\wamp64\www\nagari\vendor\codeigniter4\framework\system\Common.php(1271): CodeIgniter\View\View->render('aduan/index', Array, true)
#4 C:\wamp64\www\nagari\app\Controllers\Aduan.php(33): view('aduan/index', Array)
#5 C:\wamp64\www\nagari\vendor\codeigniter4\framework\system\CodeIgniter.php(928): App\Controllers\Aduan->index()
#6 C:\wamp64\www\nagari\vendor\codeigniter4\framework\system\CodeIgniter.php(436): CodeIgniter\CodeIgniter->runController(Object(App\Controllers\Aduan))
#7 C:\wamp64\www\nagari\vendor\codeigniter4\framework\system\CodeIgniter.php(336): CodeIgniter\CodeIgniter->handleRequest(NULL, Object(Config\Cache), false)
#8 C:\wamp64\www\nagari\public\index.php(37): CodeIgniter\CodeIgniter->run()
#9 C:\wamp64\www\nagari\vendor\codeigniter4\framework\system\Commands\Server\rewrite.php(45): require_once('C:\\wamp64\\www\\n...')
#10 {main}
CRITICAL - 2021-08-20 02:20:54 --> Undefined variable: surat
#0 C:\wamp64\www\nagari\app\Views\aduan\input.php(34): CodeIgniter\Debug\Exceptions->errorHandler(8, 'Undefined varia...', 'C:\\wamp64\\www\\n...', 34, Array)
#1 C:\wamp64\www\nagari\vendor\codeigniter4\framework\system\View\View.php(230): include('C:\\wamp64\\www\\n...')
#2 C:\wamp64\www\nagari\vendor\codeigniter4\framework\system\View\View.php(232): CodeIgniter\View\View->CodeIgniter\View\{closure}()
#3 C:\wamp64\www\nagari\vendor\codeigniter4\framework\system\Common.php(1271): CodeIgniter\View\View->render('aduan/input', Array, true)
#4 C:\wamp64\www\nagari\app\Controllers\Aduan.php(67): view('aduan/input', Array)
#5 C:\wamp64\www\nagari\vendor\codeigniter4\framework\system\CodeIgniter.php(928): App\Controllers\Aduan->input()
#6 C:\wamp64\www\nagari\vendor\codeigniter4\framework\system\CodeIgniter.php(436): CodeIgniter\CodeIgniter->runController(Object(App\Controllers\Aduan))
#7 C:\wamp64\www\nagari\vendor\codeigniter4\framework\system\CodeIgniter.php(336): CodeIgniter\CodeIgniter->handleRequest(NULL, Object(Config\Cache), false)
#8 C:\wamp64\www\nagari\public\index.php(37): CodeIgniter\CodeIgniter->run()
#9 C:\wamp64\www\nagari\vendor\codeigniter4\framework\system\Commands\Server\rewrite.php(45): require_once('C:\\wamp64\\www\\n...')
#10 {main}
CRITICAL - 2021-08-20 02:30:39 --> Trying to get property 'jenis' of non-object
#0 C:\wamp64\www\nagari\app\Controllers\Aduan.php(94): CodeIgniter\Debug\Exceptions->errorHandler(8, 'Trying to get p...', 'C:\\wamp64\\www\\n...', 94, Array)
#1 C:\wamp64\www\nagari\vendor\codeigniter4\framework\system\CodeIgniter.php(928): App\Controllers\Aduan->edit('1')
#2 C:\wamp64\www\nagari\vendor\codeigniter4\framework\system\CodeIgniter.php(436): CodeIgniter\CodeIgniter->runController(Object(App\Controllers\Aduan))
#3 C:\wamp64\www\nagari\vendor\codeigniter4\framework\system\CodeIgniter.php(336): CodeIgniter\CodeIgniter->handleRequest(NULL, Object(Config\Cache), false)
#4 C:\wamp64\www\nagari\public\index.php(37): CodeIgniter\CodeIgniter->run()
#5 C:\wamp64\www\nagari\vendor\codeigniter4\framework\system\Commands\Server\rewrite.php(45): require_once('C:\\wamp64\\www\\n...')
#6 {main}
CRITICAL - 2021-08-20 02:31:37 --> Trying to get property 'jenis' of non-object
#0 C:\wamp64\www\nagari\app\Controllers\Aduan.php(91): CodeIgniter\Debug\Exceptions->errorHandler(8, 'Trying to get p...', 'C:\\wamp64\\www\\n...', 91, Array)
#1 C:\wamp64\www\nagari\vendor\codeigniter4\framework\system\CodeIgniter.php(928): App\Controllers\Aduan->edit('1')
#2 C:\wamp64\www\nagari\vendor\codeigniter4\framework\system\CodeIgniter.php(436): CodeIgniter\CodeIgniter->runController(Object(App\Controllers\Aduan))
#3 C:\wamp64\www\nagari\vendor\codeigniter4\framework\system\CodeIgniter.php(336): CodeIgniter\CodeIgniter->handleRequest(NULL, Object(Config\Cache), false)
#4 C:\wamp64\www\nagari\public\index.php(37): CodeIgniter\CodeIgniter->run()
#5 C:\wamp64\www\nagari\vendor\codeigniter4\framework\system\Commands\Server\rewrite.php(45): require_once('C:\\wamp64\\www\\n...')
#6 {main}
CRITICAL - 2021-08-20 02:32:01 --> Trying to get property 'id_aduan' of non-object
#0 C:\wamp64\www\nagari\app\Views\aduan\edit.php(29): CodeIgniter\Debug\Exceptions->errorHandler(8, 'Trying to get p...', 'C:\\wamp64\\www\\n...', 29, Array)
#1 C:\wamp64\www\nagari\vendor\codeigniter4\framework\system\View\View.php(230): include('C:\\wamp64\\www\\n...')
#2 C:\wamp64\www\nagari\vendor\codeigniter4\framework\system\View\View.php(232): CodeIgniter\View\View->CodeIgniter\View\{closure}()
#3 C:\wamp64\www\nagari\vendor\codeigniter4\framework\system\Common.php(1271): CodeIgniter\View\View->render('aduan/edit', Array, true)
#4 C:\wamp64\www\nagari\app\Controllers\Aduan.php(98): view('aduan/edit', Array)
#5 C:\wamp64\www\nagari\vendor\codeigniter4\framework\system\CodeIgniter.php(928): App\Controllers\Aduan->edit('1')
#6 C:\wamp64\www\nagari\vendor\codeigniter4\framework\system\CodeIgniter.php(436): CodeIgniter\CodeIgniter->runController(Object(App\Controllers\Aduan))
#7 C:\wamp64\www\nagari\vendor\codeigniter4\framework\system\CodeIgniter.php(336): CodeIgniter\CodeIgniter->handleRequest(NULL, Object(Config\Cache), false)
#8 C:\wamp64\www\nagari\public\index.php(37): CodeIgniter\CodeIgniter->run()
#9 C:\wamp64\www\nagari\vendor\codeigniter4\framework\system\Commands\Server\rewrite.php(45): require_once('C:\\wamp64\\www\\n...')
#10 {main}
CRITICAL - 2021-08-20 02:32:51 --> Trying to get property 'id_aduan' of non-object
#0 C:\wamp64\www\nagari\app\Views\aduan\edit.php(29): CodeIgniter\Debug\Exceptions->errorHandler(8, 'Trying to get p...', 'C:\\wamp64\\www\\n...', 29, Array)
#1 C:\wamp64\www\nagari\vendor\codeigniter4\framework\system\View\View.php(230): include('C:\\wamp64\\www\\n...')
#2 C:\wamp64\www\nagari\vendor\codeigniter4\framework\system\View\View.php(232): CodeIgniter\View\View->CodeIgniter\View\{closure}()
#3 C:\wamp64\www\nagari\vendor\codeigniter4\framework\system\Common.php(1271): CodeIgniter\View\View->render('aduan/edit', Array, true)
#4 C:\wamp64\www\nagari\app\Controllers\Aduan.php(98): view('aduan/edit', Array)
#5 C:\wamp64\www\nagari\vendor\codeigniter4\framework\system\CodeIgniter.php(928): App\Controllers\Aduan->edit('1')
#6 C:\wamp64\www\nagari\vendor\codeigniter4\framework\system\CodeIgniter.php(436): CodeIgniter\CodeIgniter->runController(Object(App\Controllers\Aduan))
#7 C:\wamp64\www\nagari\vendor\codeigniter4\framework\system\CodeIgniter.php(336): CodeIgniter\CodeIgniter->handleRequest(NULL, Object(Config\Cache), false)
#8 C:\wamp64\www\nagari\public\index.php(37): CodeIgniter\CodeIgniter->run()
#9 C:\wamp64\www\nagari\vendor\codeigniter4\framework\system\Commands\Server\rewrite.php(45): require_once('C:\\wamp64\\www\\n...')
#10 {main}
CRITICAL - 2021-08-20 02:34:15 --> Trying to get property 'jenis' of non-object
#0 C:\wamp64\www\nagari\app\Controllers\Permohonan.php(120): CodeIgniter\Debug\Exceptions->errorHandler(8, 'Trying to get p...', 'C:\\wamp64\\www\\n...', 120, Array)
#1 C:\wamp64\www\nagari\vendor\codeigniter4\framework\system\CodeIgniter.php(928): App\Controllers\Permohonan->edit('1')
#2 C:\wamp64\www\nagari\vendor\codeigniter4\framework\system\CodeIgniter.php(436): CodeIgniter\CodeIgniter->runController(Object(App\Controllers\Permohonan))
#3 C:\wamp64\www\nagari\vendor\codeigniter4\framework\system\CodeIgniter.php(336): CodeIgniter\CodeIgniter->handleRequest(NULL, Object(Config\Cache), false)
#4 C:\wamp64\www\nagari\public\index.php(37): CodeIgniter\CodeIgniter->run()
#5 C:\wamp64\www\nagari\vendor\codeigniter4\framework\system\Commands\Server\rewrite.php(45): require_once('C:\\wamp64\\www\\n...')
#6 {main}
CRITICAL - 2021-08-20 02:34:36 --> Trying to get property 'jenis' of non-object
#0 C:\wamp64\www\nagari\app\Views\mohon\view.php(14): CodeIgniter\Debug\Exceptions->errorHandler(8, 'Trying to get p...', 'C:\\wamp64\\www\\n...', 14, Array)
#1 C:\wamp64\www\nagari\vendor\codeigniter4\framework\system\View\View.php(230): include('C:\\wamp64\\www\\n...')
#2 C:\wamp64\www\nagari\vendor\codeigniter4\framework\system\View\View.php(232): CodeIgniter\View\View->CodeIgniter\View\{closure}()
#3 C:\wamp64\www\nagari\vendor\codeigniter4\framework\system\Common.php(1271): CodeIgniter\View\View->render('mohon/view', Array, true)
#4 C:\wamp64\www\nagari\app\Controllers\Permohonan.php(50): view('mohon/view', Array)
#5 C:\wamp64\www\nagari\vendor\codeigniter4\framework\system\CodeIgniter.php(928): App\Controllers\Permohonan->view('1')
#6 C:\wamp64\www\nagari\vendor\codeigniter4\framework\system\CodeIgniter.php(436): CodeIgniter\CodeIgniter->runController(Object(App\Controllers\Permohonan))
#7 C:\wamp64\www\nagari\vendor\codeigniter4\framework\system\CodeIgniter.php(336): CodeIgniter\CodeIgniter->handleRequest(NULL, Object(Config\Cache), false)
#8 C:\wamp64\www\nagari\public\index.php(37): CodeIgniter\CodeIgniter->run()
#9 C:\wamp64\www\nagari\vendor\codeigniter4\framework\system\Commands\Server\rewrite.php(45): require_once('C:\\wamp64\\www\\n...')
#10 {main}
CRITICAL - 2021-08-20 02:37:06 --> Invalid argument supplied for foreach()
#0 C:\wamp64\www\nagari\app\Views\aduan\index.php(59): CodeIgniter\Debug\Exceptions->errorHandler(2, 'Invalid argumen...', 'C:\\wamp64\\www\\n...', 59, Array)
#1 C:\wamp64\www\nagari\vendor\codeigniter4\framework\system\View\View.php(230): include('C:\\wamp64\\www\\n...')
#2 C:\wamp64\www\nagari\vendor\codeigniter4\framework\system\View\View.php(232): CodeIgniter\View\View->CodeIgniter\View\{closure}()
#3 C:\wamp64\www\nagari\vendor\codeigniter4\framework\system\Common.php(1271): CodeIgniter\View\View->render('aduan/index', Array, true)
#4 C:\wamp64\www\nagari\app\Controllers\Aduan.php(33): view('aduan/index', Array)
#5 C:\wamp64\www\nagari\vendor\codeigniter4\framework\system\CodeIgniter.php(928): App\Controllers\Aduan->index()
#6 C:\wamp64\www\nagari\vendor\codeigniter4\framework\system\CodeIgniter.php(436): CodeIgniter\CodeIgniter->runController(Object(App\Controllers\Aduan))
#7 C:\wamp64\www\nagari\vendor\codeigniter4\framework\system\CodeIgniter.php(336): CodeIgniter\CodeIgniter->handleRequest(NULL, Object(Config\Cache), false)
#8 C:\wamp64\www\nagari\public\index.php(37): CodeIgniter\CodeIgniter->run()
#9 C:\wamp64\www\nagari\vendor\codeigniter4\framework\system\Commands\Server\rewrite.php(45): require_once('C:\\wamp64\\www\\n...')
#10 {main}
CRITICAL - 2021-08-20 02:37:14 --> Invalid argument supplied for foreach()
#0 C:\wamp64\www\nagari\app\Views\aduan\index.php(59): CodeIgniter\Debug\Exceptions->errorHandler(2, 'Invalid argumen...', 'C:\\wamp64\\www\\n...', 59, Array)
#1 C:\wamp64\www\nagari\vendor\codeigniter4\framework\system\View\View.php(230): include('C:\\wamp64\\www\\n...')
#2 C:\wamp64\www\nagari\vendor\codeigniter4\framework\system\View\View.php(232): CodeIgniter\View\View->CodeIgniter\View\{closure}()
#3 C:\wamp64\www\nagari\vendor\codeigniter4\framework\system\Common.php(1271): CodeIgniter\View\View->render('aduan/index', Array, true)
#4 C:\wamp64\www\nagari\app\Controllers\Aduan.php(33): view('aduan/index', Array)
#5 C:\wamp64\www\nagari\vendor\codeigniter4\framework\system\CodeIgniter.php(928): App\Controllers\Aduan->index()
#6 C:\wamp64\www\nagari\vendor\codeigniter4\framework\system\CodeIgniter.php(436): CodeIgniter\CodeIgniter->runController(Object(App\Controllers\Aduan))
#7 C:\wamp64\www\nagari\vendor\codeigniter4\framework\system\CodeIgniter.php(336): CodeIgniter\CodeIgniter->handleRequest(NULL, Object(Config\Cache), false)
#8 C:\wamp64\www\nagari\public\index.php(37): CodeIgniter\CodeIgniter->run()
#9 C:\wamp64\www\nagari\vendor\codeigniter4\framework\system\Commands\Server\rewrite.php(45): require_once('C:\\wamp64\\www\\n...')
#10 {main}
CRITICAL - 2021-08-20 02:38:42 --> Call to undefined method App\Models\AduanModel::getRow
#0 C:\wamp64\www\nagari\app\Models\AduanModel.php(18): CodeIgniter\Model->__call('getRow', Array)
#1 C:\wamp64\www\nagari\app\Controllers\Aduan.php(84): App\Models\AduanModel->getAduan(false, '1')
#2 C:\wamp64\www\nagari\vendor\codeigniter4\framework\system\CodeIgniter.php(928): App\Controllers\Aduan->edit('1')
#3 C:\wamp64\www\nagari\vendor\codeigniter4\framework\system\CodeIgniter.php(436): CodeIgniter\CodeIgniter->runController(Object(App\Controllers\Aduan))
#4 C:\wamp64\www\nagari\vendor\codeigniter4\framework\system\CodeIgniter.php(336): CodeIgniter\CodeIgniter->handleRequest(NULL, Object(Config\Cache), false)
#5 C:\wamp64\www\nagari\public\index.php(37): CodeIgniter\CodeIgniter->run()
#6 C:\wamp64\www\nagari\vendor\codeigniter4\framework\system\Commands\Server\rewrite.php(45): require_once('C:\\wamp64\\www\\n...')
#7 {main}
CRITICAL - 2021-08-20 02:38:55 --> Call to undefined method App\Models\AduanModel::getRow
#0 C:\wamp64\www\nagari\app\Models\AduanModel.php(18): CodeIgniter\Model->__call('getRow', Array)
#1 C:\wamp64\www\nagari\app\Controllers\Aduan.php(84): App\Models\AduanModel->getAduan(false, '1', false)
#2 C:\wamp64\www\nagari\vendor\codeigniter4\framework\system\CodeIgniter.php(928): App\Controllers\Aduan->edit('1')
#3 C:\wamp64\www\nagari\vendor\codeigniter4\framework\system\CodeIgniter.php(436): CodeIgniter\CodeIgniter->runController(Object(App\Controllers\Aduan))
#4 C:\wamp64\www\nagari\vendor\codeigniter4\framework\system\CodeIgniter.php(336): CodeIgniter\CodeIgniter->handleRequest(NULL, Object(Config\Cache), false)
#5 C:\wamp64\www\nagari\public\index.php(37): CodeIgniter\CodeIgniter->run()
#6 C:\wamp64\www\nagari\vendor\codeigniter4\framework\system\Commands\Server\rewrite.php(45): require_once('C:\\wamp64\\www\\n...')
#7 {main}
CRITICAL - 2021-08-20 02:40:12 --> Trying to get property 'jenis' of non-object
#0 C:\wamp64\www\nagari\app\Views\mohon\view.php(14): CodeIgniter\Debug\Exceptions->errorHandler(8, 'Trying to get p...', 'C:\\wamp64\\www\\n...', 14, Array)
#1 C:\wamp64\www\nagari\vendor\codeigniter4\framework\system\View\View.php(230): include('C:\\wamp64\\www\\n...')
#2 C:\wamp64\www\nagari\vendor\codeigniter4\framework\system\View\View.php(232): CodeIgniter\View\View->CodeIgniter\View\{closure}()
#3 C:\wamp64\www\nagari\vendor\codeigniter4\framework\system\Common.php(1271): CodeIgniter\View\View->render('mohon/view', Array, true)
#4 C:\wamp64\www\nagari\app\Controllers\Permohonan.php(50): view('mohon/view', Array)
#5 C:\wamp64\www\nagari\vendor\codeigniter4\framework\system\CodeIgniter.php(928): App\Controllers\Permohonan->view('1')
#6 C:\wamp64\www\nagari\vendor\codeigniter4\framework\system\CodeIgniter.php(436): CodeIgniter\CodeIgniter->runController(Object(App\Controllers\Permohonan))
#7 C:\wamp64\www\nagari\vendor\codeigniter4\framework\system\CodeIgniter.php(336): CodeIgniter\CodeIgniter->handleRequest(NULL, Object(Config\Cache), false)
#8 C:\wamp64\www\nagari\public\index.php(37): CodeIgniter\CodeIgniter->run()
#9 C:\wamp64\www\nagari\vendor\codeigniter4\framework\system\Commands\Server\rewrite.php(45): require_once('C:\\wamp64\\www\\n...')
#10 {main}
CRITICAL - 2021-08-20 02:41:54 --> Call to a member function getError() on null
#0 C:\wamp64\www\nagari\vendor\codeigniter4\framework\system\CodeIgniter.php(928): App\Controllers\Aduan->update()
#1 C:\wamp64\www\nagari\vendor\codeigniter4\framework\system\CodeIgniter.php(436): CodeIgniter\CodeIgniter->runController(Object(App\Controllers\Aduan))
#2 C:\wamp64\www\nagari\vendor\codeigniter4\framework\system\CodeIgniter.php(336): CodeIgniter\CodeIgniter->handleRequest(NULL, Object(Config\Cache), false)
#3 C:\wamp64\www\nagari\public\index.php(37): CodeIgniter\CodeIgniter->run()
#4 C:\wamp64\www\nagari\vendor\codeigniter4\framework\system\Commands\Server\rewrite.php(45): require_once('C:\\wamp64\\www\\n...')
#5 {main}
CRITICAL - 2021-08-20 02:43:37 --> Undefined variable: mohon
#0 C:\wamp64\www\nagari\app\Views\aduan\view.php(14): CodeIgniter\Debug\Exceptions->errorHandler(8, 'Undefined varia...', 'C:\\wamp64\\www\\n...', 14, Array)
#1 C:\wamp64\www\nagari\vendor\codeigniter4\framework\system\View\View.php(230): include('C:\\wamp64\\www\\n...')
#2 C:\wamp64\www\nagari\vendor\codeigniter4\framework\system\View\View.php(232): CodeIgniter\View\View->CodeIgniter\View\{closure}()
#3 C:\wamp64\www\nagari\vendor\codeigniter4\framework\system\Common.php(1271): CodeIgniter\View\View->render('aduan/view', Array, true)
#4 C:\wamp64\www\nagari\app\Controllers\Aduan.php(50): view('aduan/view', Array)
#5 C:\wamp64\www\nagari\vendor\codeigniter4\framework\system\CodeIgniter.php(928): App\Controllers\Aduan->view('1')
#6 C:\wamp64\www\nagari\vendor\codeigniter4\framework\system\CodeIgniter.php(436): CodeIgniter\CodeIgniter->runController(Object(App\Controllers\Aduan))
#7 C:\wamp64\www\nagari\vendor\codeigniter4\framework\system\CodeIgniter.php(336): CodeIgniter\CodeIgniter->handleRequest(NULL, Object(Config\Cache), false)
#8 C:\wamp64\www\nagari\public\index.php(37): CodeIgniter\CodeIgniter->run()
#9 C:\wamp64\www\nagari\vendor\codeigniter4\framework\system\Commands\Server\rewrite.php(45): require_once('C:\\wamp64\\www\\n...')
#10 {main}
CRITICAL - 2021-08-20 02:45:39 --> Undefined variable: mohon
#0 C:\wamp64\www\nagari\app\Views\aduan\view.php(14): CodeIgniter\Debug\Exceptions->errorHandler(8, 'Undefined varia...', 'C:\\wamp64\\www\\n...', 14, Array)
#1 C:\wamp64\www\nagari\vendor\codeigniter4\framework\system\View\View.php(230): include('C:\\wamp64\\www\\n...')
#2 C:\wamp64\www\nagari\vendor\codeigniter4\framework\system\View\View.php(232): CodeIgniter\View\View->CodeIgniter\View\{closure}()
#3 C:\wamp64\www\nagari\vendor\codeigniter4\framework\system\Common.php(1271): CodeIgniter\View\View->render('aduan/view', Array, true)
#4 C:\wamp64\www\nagari\app\Controllers\Aduan.php(50): view('aduan/view', Array)
#5 C:\wamp64\www\nagari\vendor\codeigniter4\framework\system\CodeIgniter.php(928): App\Controllers\Aduan->view('1')
#6 C:\wamp64\www\nagari\vendor\codeigniter4\framework\system\CodeIgniter.php(436): CodeIgniter\CodeIgniter->runController(Object(App\Controllers\Aduan))
#7 C:\wamp64\www\nagari\vendor\codeigniter4\framework\system\CodeIgniter.php(336): CodeIgniter\CodeIgniter->handleRequest(NULL, Object(Config\Cache), false)
#8 C:\wamp64\www\nagari\public\index.php(37): CodeIgniter\CodeIgniter->run()
#9 C:\wamp64\www\nagari\vendor\codeigniter4\framework\system\Commands\Server\rewrite.php(45): require_once('C:\\wamp64\\www\\n...')
#10 {main}
CRITICAL - 2021-08-20 03:02:35 --> Undefined property: stdClass::$tgl_respon
#0 C:\wamp64\www\nagari\app\Views\aduan\view.php(48): CodeIgniter\Debug\Exceptions->errorHandler(8, 'Undefined prope...', 'C:\\wamp64\\www\\n...', 48, Array)
#1 C:\wamp64\www\nagari\vendor\codeigniter4\framework\system\View\View.php(230): include('C:\\wamp64\\www\\n...')
#2 C:\wamp64\www\nagari\vendor\codeigniter4\framework\system\View\View.php(232): CodeIgniter\View\View->CodeIgniter\View\{closure}()
#3 C:\wamp64\www\nagari\vendor\codeigniter4\framework\system\Common.php(1271): CodeIgniter\View\View->render('aduan/view', Array, true)
#4 C:\wamp64\www\nagari\app\Controllers\Aduan.php(50): view('aduan/view', Array)
#5 C:\wamp64\www\nagari\vendor\codeigniter4\framework\system\CodeIgniter.php(928): App\Controllers\Aduan->view('1')
#6 C:\wamp64\www\nagari\vendor\codeigniter4\framework\system\CodeIgniter.php(436): CodeIgniter\CodeIgniter->runController(Object(App\Controllers\Aduan))
#7 C:\wamp64\www\nagari\vendor\codeigniter4\framework\system\CodeIgniter.php(336): CodeIgniter\CodeIgniter->handleRequest(NULL, Object(Config\Cache), false)
#8 C:\wamp64\www\nagari\public\index.php(37): CodeIgniter\CodeIgniter->run()
#9 C:\wamp64\www\nagari\vendor\codeigniter4\framework\system\Commands\Server\rewrite.php(45): require_once('C:\\wamp64\\www\\n...')
#10 {main}
CRITICAL - 2021-08-20 03:03:13 --> Call to undefined function tgl_indo()
#0 C:\wamp64\www\nagari\vendor\codeigniter4\framework\system\View\View.php(230): include()
#1 C:\wamp64\www\nagari\vendor\codeigniter4\framework\system\View\View.php(232): CodeIgniter\View\View->CodeIgniter\View\{closure}()
#2 C:\wamp64\www\nagari\vendor\codeigniter4\framework\system\Common.php(1271): CodeIgniter\View\View->render('aduan/view', Array, true)
#3 C:\wamp64\www\nagari\app\Controllers\Aduan.php(50): view('aduan/view', Array)
#4 C:\wamp64\www\nagari\vendor\codeigniter4\framework\system\CodeIgniter.php(928): App\Controllers\Aduan->view('1')
#5 C:\wamp64\www\nagari\vendor\codeigniter4\framework\system\CodeIgniter.php(436): CodeIgniter\CodeIgniter->runController(Object(App\Controllers\Aduan))
#6 C:\wamp64\www\nagari\vendor\codeigniter4\framework\system\CodeIgniter.php(336): CodeIgniter\CodeIgniter->handleRequest(NULL, Object(Config\Cache), false)
#7 C:\wamp64\www\nagari\public\index.php(37): CodeIgniter\CodeIgniter->run()
#8 C:\wamp64\www\nagari\vendor\codeigniter4\framework\system\Commands\Server\rewrite.php(45): require_once('C:\\wamp64\\www\\n...')
#9 {main}
CRITICAL - 2021-08-20 03:03:59 --> Call to undefined function tgl_indo()
#0 C:\wamp64\www\nagari\vendor\codeigniter4\framework\system\View\View.php(230): include()
#1 C:\wamp64\www\nagari\vendor\codeigniter4\framework\system\View\View.php(232): CodeIgniter\View\View->CodeIgniter\View\{closure}()
#2 C:\wamp64\www\nagari\vendor\codeigniter4\framework\system\Common.php(1271): CodeIgniter\View\View->render('aduan/view', Array, true)
#3 C:\wamp64\www\nagari\app\Controllers\Aduan.php(50): view('aduan/view', Array)
#4 C:\wamp64\www\nagari\vendor\codeigniter4\framework\system\CodeIgniter.php(928): App\Controllers\Aduan->view('1')
#5 C:\wamp64\www\nagari\vendor\codeigniter4\framework\system\CodeIgniter.php(436): CodeIgniter\CodeIgniter->runController(Object(App\Controllers\Aduan))
#6 C:\wamp64\www\nagari\vendor\codeigniter4\framework\system\CodeIgniter.php(336): CodeIgniter\CodeIgniter->handleRequest(NULL, Object(Config\Cache), false)
#7 C:\wamp64\www\nagari\public\index.php(37): CodeIgniter\CodeIgniter->run()
#8 C:\wamp64\www\nagari\vendor\codeigniter4\framework\system\Commands\Server\rewrite.php(45): require_once('C:\\wamp64\\www\\n...')
#9 {main}
CRITICAL - 2021-08-20 03:04:13 --> Call to undefined function tgl_indo()
#0 C:\wamp64\www\nagari\vendor\codeigniter4\framework\system\View\View.php(230): include()
#1 C:\wamp64\www\nagari\vendor\codeigniter4\framework\system\View\View.php(232): CodeIgniter\View\View->CodeIgniter\View\{closure}()
#2 C:\wamp64\www\nagari\vendor\codeigniter4\framework\system\Common.php(1271): CodeIgniter\View\View->render('aduan/view', Array, true)
#3 C:\wamp64\www\nagari\app\Controllers\Aduan.php(50): view('aduan/view', Array)
#4 C:\wamp64\www\nagari\vendor\codeigniter4\framework\system\CodeIgniter.php(928): App\Controllers\Aduan->view('1')
#5 C:\wamp64\www\nagari\vendor\codeigniter4\framework\system\CodeIgniter.php(436): CodeIgniter\CodeIgniter->runController(Object(App\Controllers\Aduan))
#6 C:\wamp64\www\nagari\vendor\codeigniter4\framework\system\CodeIgniter.php(336): CodeIgniter\CodeIgniter->handleRequest(NULL, Object(Config\Cache), false)
#7 C:\wamp64\www\nagari\public\index.php(37): CodeIgniter\CodeIgniter->run()
#8 C:\wamp64\www\nagari\vendor\codeigniter4\framework\system\Commands\Server\rewrite.php(45): require_once('C:\\wamp64\\www\\n...')
#9 {main}
CRITICAL - 2021-08-20 03:04:26 --> Undefined property: stdClass::$tgl_respon
#0 C:\wamp64\www\nagari\app\Views\aduan\view.php(48): CodeIgniter\Debug\Exceptions->errorHandler(8, 'Undefined prope...', 'C:\\wamp64\\www\\n...', 48, Array)
#1 C:\wamp64\www\nagari\vendor\codeigniter4\framework\system\View\View.php(230): include('C:\\wamp64\\www\\n...')
#2 C:\wamp64\www\nagari\vendor\codeigniter4\framework\system\View\View.php(232): CodeIgniter\View\View->CodeIgniter\View\{closure}()
#3 C:\wamp64\www\nagari\vendor\codeigniter4\framework\system\Common.php(1271): CodeIgniter\View\View->render('aduan/view', Array, true)
#4 C:\wamp64\www\nagari\app\Controllers\Aduan.php(50): view('aduan/view', Array)
#5 C:\wamp64\www\nagari\vendor\codeigniter4\framework\system\CodeIgniter.php(928): App\Controllers\Aduan->view('1')
#6 C:\wamp64\www\nagari\vendor\codeigniter4\framework\system\CodeIgniter.php(436): CodeIgniter\CodeIgniter->runController(Object(App\Controllers\Aduan))
#7 C:\wamp64\www\nagari\vendor\codeigniter4\framework\system\CodeIgniter.php(336): CodeIgniter\CodeIgniter->handleRequest(NULL, Object(Config\Cache), false)
#8 C:\wamp64\www\nagari\public\index.php(37): CodeIgniter\CodeIgniter->run()
#9 C:\wamp64\www\nagari\vendor\codeigniter4\framework\system\Commands\Server\rewrite.php(45): require_once('C:\\wamp64\\www\\n...')
#10 {main}
CRITICAL - 2021-08-20 03:05:21 --> Undefined property: stdClass::$tgl_respon
#0 C:\wamp64\www\nagari\app\Views\aduan\view.php(48): CodeIgniter\Debug\Exceptions->errorHandler(8, 'Undefined prope...', 'C:\\wamp64\\www\\n...', 48, Array)
#1 C:\wamp64\www\nagari\vendor\codeigniter4\framework\system\View\View.php(230): include('C:\\wamp64\\www\\n...')
#2 C:\wamp64\www\nagari\vendor\codeigniter4\framework\system\View\View.php(232): CodeIgniter\View\View->CodeIgniter\View\{closure}()
#3 C:\wamp64\www\nagari\vendor\codeigniter4\framework\system\Common.php(1271): CodeIgniter\View\View->render('aduan/view', Array, true)
#4 C:\wamp64\www\nagari\app\Controllers\Aduan.php(50): view('aduan/view', Array)
#5 C:\wamp64\www\nagari\vendor\codeigniter4\framework\system\CodeIgniter.php(928): App\Controllers\Aduan->view('1')
#6 C:\wamp64\www\nagari\vendor\codeigniter4\framework\system\CodeIgniter.php(436): CodeIgniter\CodeIgniter->runController(Object(App\Controllers\Aduan))
#7 C:\wamp64\www\nagari\vendor\codeigniter4\framework\system\CodeIgniter.php(336): CodeIgniter\CodeIgniter->handleRequest(NULL, Object(Config\Cache), false)
#8 C:\wamp64\www\nagari\public\index.php(37): CodeIgniter\CodeIgniter->run()
#9 C:\wamp64\www\nagari\vendor\codeigniter4\framework\system\Commands\Server\rewrite.php(45): require_once('C:\\wamp64\\www\\n...')
#10 {main}
CRITICAL - 2021-08-20 03:05:56 --> Undefined property: stdClass::$tgl_respon
#0 C:\wamp64\www\nagari\app\Views\aduan\view.php(48): CodeIgniter\Debug\Exceptions->errorHandler(8, 'Undefined prope...', 'C:\\wamp64\\www\\n...', 48, Array)
#1 C:\wamp64\www\nagari\vendor\codeigniter4\framework\system\View\View.php(230): include('C:\\wamp64\\www\\n...')
#2 C:\wamp64\www\nagari\vendor\codeigniter4\framework\system\View\View.php(232): CodeIgniter\View\View->CodeIgniter\View\{closure}()
#3 C:\wamp64\www\nagari\vendor\codeigniter4\framework\system\Common.php(1271): CodeIgniter\View\View->render('aduan/view', Array, true)
#4 C:\wamp64\www\nagari\app\Controllers\Aduan.php(50): view('aduan/view', Array)
#5 C:\wamp64\www\nagari\vendor\codeigniter4\framework\system\CodeIgniter.php(928): App\Controllers\Aduan->view('1')
#6 C:\wamp64\www\nagari\vendor\codeigniter4\framework\system\CodeIgniter.php(436): CodeIgniter\CodeIgniter->runController(Object(App\Controllers\Aduan))
#7 C:\wamp64\www\nagari\vendor\codeigniter4\framework\system\CodeIgniter.php(336): CodeIgniter\CodeIgniter->handleRequest(NULL, Object(Config\Cache), false)
#8 C:\wamp64\www\nagari\public\index.php(37): CodeIgniter\CodeIgniter->run()
#9 C:\wamp64\www\nagari\vendor\codeigniter4\framework\system\Commands\Server\rewrite.php(45): require_once('C:\\wamp64\\www\\n...')
#10 {main}
CRITICAL - 2021-08-20 03:08:12 --> Cannot redeclare tgl_indo() (previously declared in C:\wamp64\www\nagari\app\Views\template\tgl.php:3)
#0 [internal function]: CodeIgniter\Debug\Exceptions->shutdownHandler()
#1 {main}
CRITICAL - 2021-08-20 03:08:18 --> Cannot redeclare tgl_indo() (previously declared in C:\wamp64\www\nagari\app\Views\template\tgl.php:3)
#0 [internal function]: CodeIgniter\Debug\Exceptions->shutdownHandler()
#1 {main}
CRITICAL - 2021-08-20 03:08:33 --> Cannot redeclare tgl_indo() (previously declared in C:\wamp64\www\nagari\app\Views\template\tgl.php:3)
#0 [internal function]: CodeIgniter\Debug\Exceptions->shutdownHandler()
#1 {main}
CRITICAL - 2021-08-20 03:09:43 --> Call to undefined function tgl_indo()
#0 C:\wamp64\www\nagari\vendor\codeigniter4\framework\system\View\View.php(230): include()
#1 C:\wamp64\www\nagari\vendor\codeigniter4\framework\system\View\View.php(232): CodeIgniter\View\View->CodeIgniter\View\{closure}()
#2 C:\wamp64\www\nagari\vendor\codeigniter4\framework\system\Common.php(1271): CodeIgniter\View\View->render('aduan/view', Array, true)
#3 C:\wamp64\www\nagari\app\Controllers\Aduan.php(50): view('aduan/view', Array)
#4 C:\wamp64\www\nagari\vendor\codeigniter4\framework\system\CodeIgniter.php(928): App\Controllers\Aduan->view('1')
#5 C:\wamp64\www\nagari\vendor\codeigniter4\framework\system\CodeIgniter.php(436): CodeIgniter\CodeIgniter->runController(Object(App\Controllers\Aduan))
#6 C:\wamp64\www\nagari\vendor\codeigniter4\framework\system\CodeIgniter.php(336): CodeIgniter\CodeIgniter->handleRequest(NULL, Object(Config\Cache), false)
#7 C:\wamp64\www\nagari\public\index.php(37): CodeIgniter\CodeIgniter->run()
#8 C:\wamp64\www\nagari\vendor\codeigniter4\framework\system\Commands\Server\rewrite.php(45): require_once('C:\\wamp64\\www\\n...')
#9 {main}
CRITICAL - 2021-08-20 03:11:13 --> Undefined index: status
#0 C:\wamp64\www\nagari\app\Views\mohon\index.php(70): CodeIgniter\Debug\Exceptions->errorHandler(8, 'Undefined index...', 'C:\\wamp64\\www\\n...', 70, Array)
#1 C:\wamp64\www\nagari\vendor\codeigniter4\framework\system\View\View.php(230): include('C:\\wamp64\\www\\n...')
#2 C:\wamp64\www\nagari\vendor\codeigniter4\framework\system\View\View.php(232): CodeIgniter\View\View->CodeIgniter\View\{closure}()
#3 C:\wamp64\www\nagari\vendor\codeigniter4\framework\system\Common.php(1271): CodeIgniter\View\View->render('mohon/index', Array, true)
#4 C:\wamp64\www\nagari\app\Controllers\Permohonan.php(33): view('mohon/index', Array)
#5 C:\wamp64\www\nagari\vendor\codeigniter4\framework\system\CodeIgniter.php(928): App\Controllers\Permohonan->index()
#6 C:\wamp64\www\nagari\vendor\codeigniter4\framework\system\CodeIgniter.php(436): CodeIgniter\CodeIgniter->runController(Object(App\Controllers\Permohonan))
#7 C:\wamp64\www\nagari\vendor\codeigniter4\framework\system\CodeIgniter.php(336): CodeIgniter\CodeIgniter->handleRequest(NULL, Object(Config\Cache), false)
#8 C:\wamp64\www\nagari\public\index.php(37): CodeIgniter\CodeIgniter->run()
#9 C:\wamp64\www\nagari\vendor\codeigniter4\framework\system\Commands\Server\rewrite.php(45): require_once('C:\\wamp64\\www\\n...')
#10 {main}
