CRITICAL - 2021-09-28 02:16:23 --> Undefined variable: currentPage
#0 C:\wamp64\www\nagari\app\Views\berita\index.php(67): CodeIgniter\Debug\Exceptions->errorHandler(8, 'Undefined varia...', 'C:\\wamp64\\www\\n...', 67, Array)
#1 C:\wamp64\www\nagari\vendor\codeigniter4\framework\system\View\View.php(214): include('C:\\wamp64\\www\\n...')
#2 C:\wamp64\www\nagari\vendor\codeigniter4\framework\system\View\View.php(217): CodeIgniter\View\View->CodeIgniter\View\{closure}()
#3 C:\wamp64\www\nagari\vendor\codeigniter4\framework\system\Common.php(1092): CodeIgniter\View\View->render('berita/index', Array, true)
#4 C:\wamp64\www\nagari\app\Controllers\Berita.php(34): view('berita/index', Array)
#5 C:\wamp64\www\nagari\vendor\codeigniter4\framework\system\CodeIgniter.php(802): App\Controllers\Berita->index()
#6 C:\wamp64\www\nagari\vendor\codeigniter4\framework\system\CodeIgniter.php(399): CodeIgniter\CodeIgniter->runController(Object(App\Controllers\Berita))
#7 C:\wamp64\www\nagari\vendor\codeigniter4\framework\system\CodeIgniter.php(317): CodeIgniter\CodeIgniter->handleRequest(NULL, Object(Config\Cache), false)
#8 C:\wamp64\www\nagari\public\index.php(37): CodeIgniter\CodeIgniter->run()
#9 C:\wamp64\www\nagari\vendor\codeigniter4\framework\system\Commands\Server\rewrite.php(43): require_once('C:\\wamp64\\www\\n...')
#10 {main}
CRITICAL - 2021-09-28 02:19:38 --> Undefined property: stdClass::$id_penduduk
#0 C:\wamp64\www\nagari\app\Controllers\Aduan.php(75): CodeIgniter\Debug\Exceptions->errorHandler(8, 'Undefined prope...', 'C:\\wamp64\\www\\n...', 75, Array)
#1 C:\wamp64\www\nagari\vendor\codeigniter4\framework\system\CodeIgniter.php(802): App\Controllers\Aduan->view('2', 'belum')
#2 C:\wamp64\www\nagari\vendor\codeigniter4\framework\system\CodeIgniter.php(399): CodeIgniter\CodeIgniter->runController(Object(App\Controllers\Aduan))
#3 C:\wamp64\www\nagari\vendor\codeigniter4\framework\system\CodeIgniter.php(317): CodeIgniter\CodeIgniter->handleRequest(NULL, Object(Config\Cache), false)
#4 C:\wamp64\www\nagari\public\index.php(37): CodeIgniter\CodeIgniter->run()
#5 C:\wamp64\www\nagari\vendor\codeigniter4\framework\system\Commands\Server\rewrite.php(43): require_once('C:\\wamp64\\www\\n...')
#6 {main}
CRITICAL - 2021-09-28 02:21:27 --> Trying to get property 'nama' of non-object
#0 C:\wamp64\www\nagari\app\Views\surat\printskm.php(59): CodeIgniter\Debug\Exceptions->errorHandler(8, 'Trying to get p...', 'C:\\wamp64\\www\\n...', 59, Array)
#1 C:\wamp64\www\nagari\vendor\codeigniter4\framework\system\View\View.php(214): include('C:\\wamp64\\www\\n...')
#2 C:\wamp64\www\nagari\vendor\codeigniter4\framework\system\View\View.php(217): CodeIgniter\View\View->CodeIgniter\View\{closure}()
#3 C:\wamp64\www\nagari\vendor\codeigniter4\framework\system\Common.php(1092): CodeIgniter\View\View->render('surat/printskm', Array, true)
#4 C:\wamp64\www\nagari\app\Controllers\Sktm.php(178): view('surat/printskm', Array)
#5 C:\wamp64\www\nagari\vendor\codeigniter4\framework\system\CodeIgniter.php(802): App\Controllers\Sktm->print('2')
#6 C:\wamp64\www\nagari\vendor\codeigniter4\framework\system\CodeIgniter.php(399): CodeIgniter\CodeIgniter->runController(Object(App\Controllers\Sktm))
#7 C:\wamp64\www\nagari\vendor\codeigniter4\framework\system\CodeIgniter.php(317): CodeIgniter\CodeIgniter->handleRequest(NULL, Object(Config\Cache), false)
#8 C:\wamp64\www\nagari\public\index.php(37): CodeIgniter\CodeIgniter->run()
#9 C:\wamp64\www\nagari\vendor\codeigniter4\framework\system\Commands\Server\rewrite.php(43): require_once('C:\\wamp64\\www\\n...')
#10 {main}
CRITICAL - 2021-09-28 02:22:22 --> Trying to get property 'nama' of non-object
#0 C:\wamp64\www\nagari\app\Views\surat\printskm.php(59): CodeIgniter\Debug\Exceptions->errorHandler(8, 'Trying to get p...', 'C:\\wamp64\\www\\n...', 59, Array)
#1 C:\wamp64\www\nagari\vendor\codeigniter4\framework\system\View\View.php(214): include('C:\\wamp64\\www\\n...')
#2 C:\wamp64\www\nagari\vendor\codeigniter4\framework\system\View\View.php(217): CodeIgniter\View\View->CodeIgniter\View\{closure}()
#3 C:\wamp64\www\nagari\vendor\codeigniter4\framework\system\Common.php(1092): CodeIgniter\View\View->render('surat/printskm', Array, true)
#4 C:\wamp64\www\nagari\app\Controllers\Sktm.php(178): view('surat/printskm', Array)
#5 C:\wamp64\www\nagari\vendor\codeigniter4\framework\system\CodeIgniter.php(802): App\Controllers\Sktm->print('2')
#6 C:\wamp64\www\nagari\vendor\codeigniter4\framework\system\CodeIgniter.php(399): CodeIgniter\CodeIgniter->runController(Object(App\Controllers\Sktm))
#7 C:\wamp64\www\nagari\vendor\codeigniter4\framework\system\CodeIgniter.php(317): CodeIgniter\CodeIgniter->handleRequest(NULL, Object(Config\Cache), false)
#8 C:\wamp64\www\nagari\public\index.php(37): CodeIgniter\CodeIgniter->run()
#9 C:\wamp64\www\nagari\vendor\codeigniter4\framework\system\Commands\Server\rewrite.php(43): require_once('C:\\wamp64\\www\\n...')
#10 {main}
ERROR - 2021-09-28 02:54:02 --> Duplicate entry '1304022410070008' for key 'no_kk'
ERROR - 2021-09-28 02:54:02 --> Duplicate entry '1304023011090001' for key 'no_kk'
ERROR - 2021-09-28 02:54:10 --> Duplicate entry '1304020410070022' for key 'no_kk'
CRITICAL - 2021-09-28 03:42:07 --> Trying to get property 'tpt_lahir' of non-object
#0 C:\wamp64\www\nagari\app\Views\surat\printskm.php(102): CodeIgniter\Debug\Exceptions->errorHandler(8, 'Trying to get p...', 'C:\\wamp64\\www\\n...', 102, Array)
#1 C:\wamp64\www\nagari\vendor\codeigniter4\framework\system\View\View.php(214): include('C:\\wamp64\\www\\n...')
#2 C:\wamp64\www\nagari\vendor\codeigniter4\framework\system\View\View.php(217): CodeIgniter\View\View->CodeIgniter\View\{closure}()
#3 C:\wamp64\www\nagari\vendor\codeigniter4\framework\system\Common.php(1092): CodeIgniter\View\View->render('surat/printskm', Array, true)
#4 C:\wamp64\www\nagari\app\Controllers\Sktm.php(178): view('surat/printskm', Array)
#5 C:\wamp64\www\nagari\vendor\codeigniter4\framework\system\CodeIgniter.php(802): App\Controllers\Sktm->print('4')
#6 C:\wamp64\www\nagari\vendor\codeigniter4\framework\system\CodeIgniter.php(399): CodeIgniter\CodeIgniter->runController(Object(App\Controllers\Sktm))
#7 C:\wamp64\www\nagari\vendor\codeigniter4\framework\system\CodeIgniter.php(317): CodeIgniter\CodeIgniter->handleRequest(NULL, Object(Config\Cache), false)
#8 C:\wamp64\www\nagari\public\index.php(37): CodeIgniter\CodeIgniter->run()
#9 C:\wamp64\www\nagari\vendor\codeigniter4\framework\system\Commands\Server\rewrite.php(43): require_once('C:\\wamp64\\www\\n...')
#10 {main}
CRITICAL - 2021-09-28 03:54:21 --> Trying to get property 'id_user' of non-object
#0 C:\wamp64\www\nagari\app\Controllers\Aduan.php(63): CodeIgniter\Debug\Exceptions->errorHandler(8, 'Trying to get p...', 'C:\\wamp64\\www\\n...', 63, Array)
#1 C:\wamp64\www\nagari\vendor\codeigniter4\framework\system\CodeIgniter.php(802): App\Controllers\Aduan->view('2', 'belum')
#2 C:\wamp64\www\nagari\vendor\codeigniter4\framework\system\CodeIgniter.php(399): CodeIgniter\CodeIgniter->runController(Object(App\Controllers\Aduan))
#3 C:\wamp64\www\nagari\vendor\codeigniter4\framework\system\CodeIgniter.php(317): CodeIgniter\CodeIgniter->handleRequest(NULL, Object(Config\Cache), false)
#4 C:\wamp64\www\nagari\public\index.php(37): CodeIgniter\CodeIgniter->run()
#5 C:\wamp64\www\nagari\vendor\codeigniter4\framework\system\Commands\Server\rewrite.php(43): require_once('C:\\wamp64\\www\\n...')
#6 {main}
