CRITICAL - 2021-10-08 00:20:33 --> Undefined index: $i
#0 C:\wamp64\www\nagari\app\Views\mohon\edit.php(31): CodeIgniter\Debug\Exceptions->errorHandler(8, 'Undefined index...', 'C:\\wamp64\\www\\n...', 31, Array)
#1 C:\wamp64\www\nagari\vendor\codeigniter4\framework\system\View\View.php(214): include('C:\\wamp64\\www\\n...')
#2 C:\wamp64\www\nagari\vendor\codeigniter4\framework\system\View\View.php(217): CodeIgniter\View\View->CodeIgniter\View\{closure}()
#3 C:\wamp64\www\nagari\vendor\codeigniter4\framework\system\Common.php(1092): CodeIgniter\View\View->render('mohon/edit', Array, true)
#4 C:\wamp64\www\nagari\app\Controllers\Permohonan.php(221): view('mohon/edit', Array)
#5 C:\wamp64\www\nagari\vendor\codeigniter4\framework\system\CodeIgniter.php(802): App\Controllers\Permohonan->edit('11')
#6 C:\wamp64\www\nagari\vendor\codeigniter4\framework\system\CodeIgniter.php(399): CodeIgniter\CodeIgniter->runController(Object(App\Controllers\Permohonan))
#7 C:\wamp64\www\nagari\vendor\codeigniter4\framework\system\CodeIgniter.php(317): CodeIgniter\CodeIgniter->handleRequest(NULL, Object(Config\Cache), false)
#8 C:\wamp64\www\nagari\public\index.php(37): CodeIgniter\CodeIgniter->run()
#9 C:\wamp64\www\nagari\vendor\codeigniter4\framework\system\Commands\Server\rewrite.php(43): require_once('C:\\wamp64\\www\\n...')
#10 {main}
CRITICAL - 2021-10-08 00:26:31 --> number_format() expects parameter 1 to be float, string given
#0 [internal function]: CodeIgniter\Debug\Exceptions->errorHandler(2, 'number_format()...', 'C:\\wamp64\\www\\n...', 75, Array)
#1 C:\wamp64\www\nagari\app\Views\mohon\view.php(75): number_format('-', 2, ',', '.')
#2 C:\wamp64\www\nagari\vendor\codeigniter4\framework\system\View\View.php(214): include('C:\\wamp64\\www\\n...')
#3 C:\wamp64\www\nagari\vendor\codeigniter4\framework\system\View\View.php(217): CodeIgniter\View\View->CodeIgniter\View\{closure}()
#4 C:\wamp64\www\nagari\vendor\codeigniter4\framework\system\Common.php(1092): CodeIgniter\View\View->render('mohon/view', Array, true)
#5 C:\wamp64\www\nagari\app\Controllers\Permohonan.php(100): view('mohon/view', Array)
#6 C:\wamp64\www\nagari\vendor\codeigniter4\framework\system\CodeIgniter.php(802): App\Controllers\Permohonan->view('13')
#7 C:\wamp64\www\nagari\vendor\codeigniter4\framework\system\CodeIgniter.php(399): CodeIgniter\CodeIgniter->runController(Object(App\Controllers\Permohonan))
#8 C:\wamp64\www\nagari\vendor\codeigniter4\framework\system\CodeIgniter.php(317): CodeIgniter\CodeIgniter->handleRequest(NULL, Object(Config\Cache), false)
#9 C:\wamp64\www\nagari\public\index.php(37): CodeIgniter\CodeIgniter->run()
#10 C:\wamp64\www\nagari\vendor\codeigniter4\framework\system\Commands\Server\rewrite.php(43): require_once('C:\\wamp64\\www\\n...')
#11 {main}
CRITICAL - 2021-10-08 00:27:13 --> unlink(permohonan/no_image.png): No such file or directory
#0 [internal function]: CodeIgniter\Debug\Exceptions->errorHandler(2, 'unlink(permohon...', 'C:\\wamp64\\www\\n...', 285, Array)
#1 C:\wamp64\www\nagari\app\Controllers\Permohonan.php(285): unlink('permohonan/no_i...')
#2 C:\wamp64\www\nagari\vendor\codeigniter4\framework\system\CodeIgniter.php(802): App\Controllers\Permohonan->update()
#3 C:\wamp64\www\nagari\vendor\codeigniter4\framework\system\CodeIgniter.php(399): CodeIgniter\CodeIgniter->runController(Object(App\Controllers\Permohonan))
#4 C:\wamp64\www\nagari\vendor\codeigniter4\framework\system\CodeIgniter.php(317): CodeIgniter\CodeIgniter->handleRequest(NULL, Object(Config\Cache), false)
#5 C:\wamp64\www\nagari\public\index.php(37): CodeIgniter\CodeIgniter->run()
#6 C:\wamp64\www\nagari\vendor\codeigniter4\framework\system\Commands\Server\rewrite.php(43): require_once('C:\\wamp64\\www\\n...')
#7 {main}
CRITICAL - 2021-10-08 00:31:07 --> Call to a member function getError() on null
#0 C:\wamp64\www\nagari\vendor\codeigniter4\framework\system\CodeIgniter.php(802): App\Controllers\Permohonan->update()
#1 C:\wamp64\www\nagari\vendor\codeigniter4\framework\system\CodeIgniter.php(399): CodeIgniter\CodeIgniter->runController(Object(App\Controllers\Permohonan))
#2 C:\wamp64\www\nagari\vendor\codeigniter4\framework\system\CodeIgniter.php(317): CodeIgniter\CodeIgniter->handleRequest(NULL, Object(Config\Cache), false)
#3 C:\wamp64\www\nagari\public\index.php(37): CodeIgniter\CodeIgniter->run()
#4 C:\wamp64\www\nagari\vendor\codeigniter4\framework\system\Commands\Server\rewrite.php(43): require_once('C:\\wamp64\\www\\n...')
#5 {main}
CRITICAL - 2021-10-08 00:35:02 --> number_format() expects parameter 1 to be float, string given
#0 [internal function]: CodeIgniter\Debug\Exceptions->errorHandler(2, 'number_format()...', 'C:\\wamp64\\www\\n...', 75, Array)
#1 C:\wamp64\www\nagari\app\Views\mohon\view.php(75): number_format('-', 2, ',', '.')
#2 C:\wamp64\www\nagari\vendor\codeigniter4\framework\system\View\View.php(214): include('C:\\wamp64\\www\\n...')
#3 C:\wamp64\www\nagari\vendor\codeigniter4\framework\system\View\View.php(217): CodeIgniter\View\View->CodeIgniter\View\{closure}()
#4 C:\wamp64\www\nagari\vendor\codeigniter4\framework\system\Common.php(1092): CodeIgniter\View\View->render('mohon/view', Array, true)
#5 C:\wamp64\www\nagari\app\Controllers\Permohonan.php(80): view('mohon/view', Array)
#6 C:\wamp64\www\nagari\vendor\codeigniter4\framework\system\CodeIgniter.php(802): App\Controllers\Permohonan->view('14', 'terima')
#7 C:\wamp64\www\nagari\vendor\codeigniter4\framework\system\CodeIgniter.php(399): CodeIgniter\CodeIgniter->runController(Object(App\Controllers\Permohonan))
#8 C:\wamp64\www\nagari\vendor\codeigniter4\framework\system\CodeIgniter.php(317): CodeIgniter\CodeIgniter->handleRequest(NULL, Object(Config\Cache), false)
#9 C:\wamp64\www\nagari\public\index.php(37): CodeIgniter\CodeIgniter->run()
#10 C:\wamp64\www\nagari\vendor\codeigniter4\framework\system\Commands\Server\rewrite.php(43): require_once('C:\\wamp64\\www\\n...')
#11 {main}
CRITICAL - 2021-10-08 00:35:35 --> number_format() expects parameter 1 to be float, string given
#0 [internal function]: CodeIgniter\Debug\Exceptions->errorHandler(2, 'number_format()...', 'C:\\wamp64\\www\\n...', 75, Array)
#1 C:\wamp64\www\nagari\app\Views\mohon\view.php(75): number_format('-', 2, ',', '.')
#2 C:\wamp64\www\nagari\vendor\codeigniter4\framework\system\View\View.php(214): include('C:\\wamp64\\www\\n...')
#3 C:\wamp64\www\nagari\vendor\codeigniter4\framework\system\View\View.php(217): CodeIgniter\View\View->CodeIgniter\View\{closure}()
#4 C:\wamp64\www\nagari\vendor\codeigniter4\framework\system\Common.php(1092): CodeIgniter\View\View->render('mohon/view', Array, true)
#5 C:\wamp64\www\nagari\app\Controllers\Permohonan.php(80): view('mohon/view', Array)
#6 C:\wamp64\www\nagari\vendor\codeigniter4\framework\system\CodeIgniter.php(802): App\Controllers\Permohonan->view('14', 'terima')
#7 C:\wamp64\www\nagari\vendor\codeigniter4\framework\system\CodeIgniter.php(399): CodeIgniter\CodeIgniter->runController(Object(App\Controllers\Permohonan))
#8 C:\wamp64\www\nagari\vendor\codeigniter4\framework\system\CodeIgniter.php(317): CodeIgniter\CodeIgniter->handleRequest(NULL, Object(Config\Cache), false)
#9 C:\wamp64\www\nagari\public\index.php(37): CodeIgniter\CodeIgniter->run()
#10 C:\wamp64\www\nagari\vendor\codeigniter4\framework\system\Commands\Server\rewrite.php(43): require_once('C:\\wamp64\\www\\n...')
#11 {main}
CRITICAL - 2021-10-08 00:44:28 --> unlink(permohonan/no_image.png): No such file or directory
#0 [internal function]: CodeIgniter\Debug\Exceptions->errorHandler(2, 'unlink(permohon...', 'C:\\wamp64\\www\\n...', 286, Array)
#1 C:\wamp64\www\nagari\app\Controllers\Permohonan.php(286): unlink('permohonan/no_i...')
#2 C:\wamp64\www\nagari\vendor\codeigniter4\framework\system\CodeIgniter.php(802): App\Controllers\Permohonan->update()
#3 C:\wamp64\www\nagari\vendor\codeigniter4\framework\system\CodeIgniter.php(399): CodeIgniter\CodeIgniter->runController(Object(App\Controllers\Permohonan))
#4 C:\wamp64\www\nagari\vendor\codeigniter4\framework\system\CodeIgniter.php(317): CodeIgniter\CodeIgniter->handleRequest(NULL, Object(Config\Cache), false)
#5 C:\wamp64\www\nagari\public\index.php(37): CodeIgniter\CodeIgniter->run()
#6 C:\wamp64\www\nagari\vendor\codeigniter4\framework\system\Commands\Server\rewrite.php(43): require_once('C:\\wamp64\\www\\n...')
#7 {main}
