ERROR - 2021-08-06 06:55:32 --> Error connecting to the database: Access denied for user '****'@'localhost' (using password: NO)
ERROR - 2021-08-06 06:57:14 --> Error connecting to the database: Class 'SQLite3' not found
ERROR - 2021-08-06 06:58:12 --> Error connecting to the database: Class 'SQLite3' not found
ERROR - 2021-08-06 06:58:52 --> Error connecting to the database: Class 'SQLite3' not found
CRITICAL - 2021-08-06 08:21:12 --> Class name must be a valid object or a string
#0 C:\wamp64\www\nagari\vendor\codeigniter4\framework\system\Config\BaseService.php(263): Myth\Auth\Config\Services::activator(Object(Myth\Auth\Config\Auth), false)
#1 C:\wamp64\www\nagari\vendor\codeigniter4\framework\system\Config\BaseService.php(192): CodeIgniter\Config\BaseService::__callStatic('activator', Array)
#2 C:\wamp64\www\nagari\vendor\myth\auth\src\Config\Services.php(86): CodeIgniter\Config\BaseService::getSharedInstance('activator', NULL)
#3 C:\wamp64\www\nagari\vendor\codeigniter4\framework\system\Config\BaseService.php(263): Myth\Auth\Config\Services::activator()
#4 C:\wamp64\www\nagari\vendor\codeigniter4\framework\system\Common.php(1084): CodeIgniter\Config\BaseService::__callStatic('activator', Array)
#5 C:\wamp64\www\nagari\vendor\myth\auth\src\Controllers\AuthController.php(195): service('activator')
#6 C:\wamp64\www\nagari\vendor\codeigniter4\framework\system\CodeIgniter.php(928): Myth\Auth\Controllers\AuthController->attemptRegister()
#7 C:\wamp64\www\nagari\vendor\codeigniter4\framework\system\CodeIgniter.php(436): CodeIgniter\CodeIgniter->runController(Object(Myth\Auth\Controllers\AuthController))
#8 C:\wamp64\www\nagari\vendor\codeigniter4\framework\system\CodeIgniter.php(336): CodeIgniter\CodeIgniter->handleRequest(NULL, Object(Config\Cache), false)
#9 C:\wamp64\www\nagari\public\index.php(37): CodeIgniter\CodeIgniter->run()
#10 C:\wamp64\www\nagari\vendor\codeigniter4\framework\system\Commands\Server\rewrite.php(45): require_once('C:\\wamp64\\www\\n...')
#11 {main}
CRITICAL - 2021-08-06 08:23:04 --> Class name must be a valid object or a string
#0 C:\wamp64\www\nagari\vendor\codeigniter4\framework\system\Config\BaseService.php(263): Myth\Auth\Config\Services::activator(Object(Myth\Auth\Config\Auth), false)
#1 C:\wamp64\www\nagari\vendor\codeigniter4\framework\system\Config\BaseService.php(192): CodeIgniter\Config\BaseService::__callStatic('activator', Array)
#2 C:\wamp64\www\nagari\vendor\myth\auth\src\Config\Services.php(86): CodeIgniter\Config\BaseService::getSharedInstance('activator', NULL)
#3 C:\wamp64\www\nagari\vendor\codeigniter4\framework\system\Config\BaseService.php(263): Myth\Auth\Config\Services::activator()
#4 C:\wamp64\www\nagari\vendor\codeigniter4\framework\system\Common.php(1084): CodeIgniter\Config\BaseService::__callStatic('activator', Array)
#5 C:\wamp64\www\nagari\vendor\myth\auth\src\Controllers\AuthController.php(195): service('activator')
#6 C:\wamp64\www\nagari\vendor\codeigniter4\framework\system\CodeIgniter.php(928): Myth\Auth\Controllers\AuthController->attemptRegister()
#7 C:\wamp64\www\nagari\vendor\codeigniter4\framework\system\CodeIgniter.php(436): CodeIgniter\CodeIgniter->runController(Object(Myth\Auth\Controllers\AuthController))
#8 C:\wamp64\www\nagari\vendor\codeigniter4\framework\system\CodeIgniter.php(336): CodeIgniter\CodeIgniter->handleRequest(NULL, Object(Config\Cache), false)
#9 C:\wamp64\www\nagari\public\index.php(37): CodeIgniter\CodeIgniter->run()
#10 C:\wamp64\www\nagari\vendor\codeigniter4\framework\system\Commands\Server\rewrite.php(45): require_once('C:\\wamp64\\www\\n...')
#11 {main}
CRITICAL - 2021-08-06 08:36:42 --> Class name must be a valid object or a string
#0 C:\wamp64\www\nagari\vendor\codeigniter4\framework\system\Config\BaseService.php(263): Myth\Auth\Config\Services::activator(Object(Myth\Auth\Config\Auth), false)
#1 C:\wamp64\www\nagari\vendor\codeigniter4\framework\system\Config\BaseService.php(192): CodeIgniter\Config\BaseService::__callStatic('activator', Array)
#2 C:\wamp64\www\nagari\vendor\myth\auth\src\Config\Services.php(86): CodeIgniter\Config\BaseService::getSharedInstance('activator', NULL)
#3 C:\wamp64\www\nagari\vendor\codeigniter4\framework\system\Config\BaseService.php(263): Myth\Auth\Config\Services::activator()
#4 C:\wamp64\www\nagari\vendor\codeigniter4\framework\system\Common.php(1084): CodeIgniter\Config\BaseService::__callStatic('activator', Array)
#5 C:\wamp64\www\nagari\vendor\myth\auth\src\Controllers\AuthController.php(195): service('activator')
#6 C:\wamp64\www\nagari\vendor\codeigniter4\framework\system\CodeIgniter.php(928): Myth\Auth\Controllers\AuthController->attemptRegister()
#7 C:\wamp64\www\nagari\vendor\codeigniter4\framework\system\CodeIgniter.php(436): CodeIgniter\CodeIgniter->runController(Object(Myth\Auth\Controllers\AuthController))
#8 C:\wamp64\www\nagari\vendor\codeigniter4\framework\system\CodeIgniter.php(336): CodeIgniter\CodeIgniter->handleRequest(NULL, Object(Config\Cache), false)
#9 C:\wamp64\www\nagari\public\index.php(37): CodeIgniter\CodeIgniter->run()
#10 C:\wamp64\www\nagari\vendor\codeigniter4\framework\system\Commands\Server\rewrite.php(45): require_once('C:\\wamp64\\www\\n...')
#11 {main}
CRITICAL - 2021-08-06 08:46:36 --> Class name must be a valid object or a string
#0 C:\wamp64\www\nagari\vendor\codeigniter4\framework\system\Config\BaseService.php(263): Myth\Auth\Config\Services::activator(Object(Myth\Auth\Config\Auth), false)
#1 C:\wamp64\www\nagari\vendor\codeigniter4\framework\system\Config\BaseService.php(192): CodeIgniter\Config\BaseService::__callStatic('activator', Array)
#2 C:\wamp64\www\nagari\vendor\myth\auth\src\Config\Services.php(86): CodeIgniter\Config\BaseService::getSharedInstance('activator', NULL)
#3 C:\wamp64\www\nagari\vendor\codeigniter4\framework\system\Config\BaseService.php(263): Myth\Auth\Config\Services::activator()
#4 C:\wamp64\www\nagari\vendor\codeigniter4\framework\system\Common.php(1084): CodeIgniter\Config\BaseService::__callStatic('activator', Array)
#5 C:\wamp64\www\nagari\vendor\myth\auth\src\Controllers\AuthController.php(195): service('activator')
#6 C:\wamp64\www\nagari\vendor\codeigniter4\framework\system\CodeIgniter.php(928): Myth\Auth\Controllers\AuthController->attemptRegister()
#7 C:\wamp64\www\nagari\vendor\codeigniter4\framework\system\CodeIgniter.php(436): CodeIgniter\CodeIgniter->runController(Object(Myth\Auth\Controllers\AuthController))
#8 C:\wamp64\www\nagari\vendor\codeigniter4\framework\system\CodeIgniter.php(336): CodeIgniter\CodeIgniter->handleRequest(NULL, Object(Config\Cache), false)
#9 C:\wamp64\www\nagari\public\index.php(37): CodeIgniter\CodeIgniter->run()
#10 C:\wamp64\www\nagari\vendor\codeigniter4\framework\system\Commands\Server\rewrite.php(45): require_once('C:\\wamp64\\www\\n...')
#11 {main}
CRITICAL - 2021-08-06 08:59:55 --> Class name must be a valid object or a string
#0 C:\wamp64\www\nagari\vendor\codeigniter4\framework\system\Config\BaseService.php(263): Myth\Auth\Config\Services::activator(Object(Myth\Auth\Config\Auth), false)
#1 C:\wamp64\www\nagari\vendor\codeigniter4\framework\system\Config\BaseService.php(192): CodeIgniter\Config\BaseService::__callStatic('activator', Array)
#2 C:\wamp64\www\nagari\vendor\myth\auth\src\Config\Services.php(86): CodeIgniter\Config\BaseService::getSharedInstance('activator', NULL)
#3 C:\wamp64\www\nagari\vendor\codeigniter4\framework\system\Config\BaseService.php(263): Myth\Auth\Config\Services::activator()
#4 C:\wamp64\www\nagari\vendor\codeigniter4\framework\system\Common.php(1084): CodeIgniter\Config\BaseService::__callStatic('activator', Array)
#5 C:\wamp64\www\nagari\vendor\myth\auth\src\Controllers\AuthController.php(195): service('activator')
#6 C:\wamp64\www\nagari\vendor\codeigniter4\framework\system\CodeIgniter.php(928): Myth\Auth\Controllers\AuthController->attemptRegister()
#7 C:\wamp64\www\nagari\vendor\codeigniter4\framework\system\CodeIgniter.php(436): CodeIgniter\CodeIgniter->runController(Object(Myth\Auth\Controllers\AuthController))
#8 C:\wamp64\www\nagari\vendor\codeigniter4\framework\system\CodeIgniter.php(336): CodeIgniter\CodeIgniter->handleRequest(NULL, Object(Config\Cache), false)
#9 C:\wamp64\www\nagari\public\index.php(37): CodeIgniter\CodeIgniter->run()
#10 C:\wamp64\www\nagari\vendor\codeigniter4\framework\system\Commands\Server\rewrite.php(45): require_once('C:\\wamp64\\www\\n...')
#11 {main}
CRITICAL - 2021-08-06 09:05:45 --> Class name must be a valid object or a string
#0 C:\wamp64\www\nagari\vendor\codeigniter4\framework\system\Config\BaseService.php(263): Myth\Auth\Config\Services::activator(Object(Myth\Auth\Config\Auth), false)
#1 C:\wamp64\www\nagari\vendor\codeigniter4\framework\system\Config\BaseService.php(192): CodeIgniter\Config\BaseService::__callStatic('activator', Array)
#2 C:\wamp64\www\nagari\vendor\myth\auth\src\Config\Services.php(86): CodeIgniter\Config\BaseService::getSharedInstance('activator', NULL)
#3 C:\wamp64\www\nagari\vendor\codeigniter4\framework\system\Config\BaseService.php(263): Myth\Auth\Config\Services::activator()
#4 C:\wamp64\www\nagari\vendor\codeigniter4\framework\system\Common.php(1084): CodeIgniter\Config\BaseService::__callStatic('activator', Array)
#5 C:\wamp64\www\nagari\vendor\myth\auth\src\Controllers\AuthController.php(195): service('activator')
#6 C:\wamp64\www\nagari\vendor\codeigniter4\framework\system\CodeIgniter.php(928): Myth\Auth\Controllers\AuthController->attemptRegister()
#7 C:\wamp64\www\nagari\vendor\codeigniter4\framework\system\CodeIgniter.php(436): CodeIgniter\CodeIgniter->runController(Object(Myth\Auth\Controllers\AuthController))
#8 C:\wamp64\www\nagari\vendor\codeigniter4\framework\system\CodeIgniter.php(336): CodeIgniter\CodeIgniter->handleRequest(NULL, Object(Config\Cache), false)
#9 C:\wamp64\www\nagari\public\index.php(37): CodeIgniter\CodeIgniter->run()
#10 C:\wamp64\www\nagari\vendor\codeigniter4\framework\system\Commands\Server\rewrite.php(45): require_once('C:\\wamp64\\www\\n...')
#11 {main}
CRITICAL - 2021-08-06 09:07:24 --> Class name must be a valid object or a string
#0 C:\wamp64\www\nagari\vendor\codeigniter4\framework\system\Config\BaseService.php(263): Myth\Auth\Config\Services::activator(Object(Myth\Auth\Config\Auth), false)
#1 C:\wamp64\www\nagari\vendor\codeigniter4\framework\system\Config\BaseService.php(192): CodeIgniter\Config\BaseService::__callStatic('activator', Array)
#2 C:\wamp64\www\nagari\vendor\myth\auth\src\Config\Services.php(86): CodeIgniter\Config\BaseService::getSharedInstance('activator', NULL)
#3 C:\wamp64\www\nagari\vendor\codeigniter4\framework\system\Config\BaseService.php(263): Myth\Auth\Config\Services::activator()
#4 C:\wamp64\www\nagari\vendor\codeigniter4\framework\system\Common.php(1084): CodeIgniter\Config\BaseService::__callStatic('activator', Array)
#5 C:\wamp64\www\nagari\vendor\myth\auth\src\Controllers\AuthController.php(195): service('activator')
#6 C:\wamp64\www\nagari\vendor\codeigniter4\framework\system\CodeIgniter.php(928): Myth\Auth\Controllers\AuthController->attemptRegister()
#7 C:\wamp64\www\nagari\vendor\codeigniter4\framework\system\CodeIgniter.php(436): CodeIgniter\CodeIgniter->runController(Object(Myth\Auth\Controllers\AuthController))
#8 C:\wamp64\www\nagari\vendor\codeigniter4\framework\system\CodeIgniter.php(336): CodeIgniter\CodeIgniter->handleRequest(NULL, Object(Config\Cache), false)
#9 C:\wamp64\www\nagari\public\index.php(37): CodeIgniter\CodeIgniter->run()
#10 C:\wamp64\www\nagari\vendor\codeigniter4\framework\system\Commands\Server\rewrite.php(45): require_once('C:\\wamp64\\www\\n...')
#11 {main}
CRITICAL - 2021-08-06 09:08:50 --> Class name must be a valid object or a string
#0 C:\wamp64\www\nagari\vendor\codeigniter4\framework\system\Config\BaseService.php(263): Myth\Auth\Config\Services::activator(Object(Myth\Auth\Config\Auth), false)
#1 C:\wamp64\www\nagari\vendor\codeigniter4\framework\system\Config\BaseService.php(192): CodeIgniter\Config\BaseService::__callStatic('activator', Array)
#2 C:\wamp64\www\nagari\vendor\myth\auth\src\Config\Services.php(86): CodeIgniter\Config\BaseService::getSharedInstance('activator', NULL)
#3 C:\wamp64\www\nagari\vendor\codeigniter4\framework\system\Config\BaseService.php(263): Myth\Auth\Config\Services::activator()
#4 C:\wamp64\www\nagari\vendor\codeigniter4\framework\system\Common.php(1084): CodeIgniter\Config\BaseService::__callStatic('activator', Array)
#5 C:\wamp64\www\nagari\vendor\myth\auth\src\Controllers\AuthController.php(195): service('activator')
#6 C:\wamp64\www\nagari\vendor\codeigniter4\framework\system\CodeIgniter.php(928): Myth\Auth\Controllers\AuthController->attemptRegister()
#7 C:\wamp64\www\nagari\vendor\codeigniter4\framework\system\CodeIgniter.php(436): CodeIgniter\CodeIgniter->runController(Object(Myth\Auth\Controllers\AuthController))
#8 C:\wamp64\www\nagari\vendor\codeigniter4\framework\system\CodeIgniter.php(336): CodeIgniter\CodeIgniter->handleRequest(NULL, Object(Config\Cache), false)
#9 C:\wamp64\www\nagari\public\index.php(37): CodeIgniter\CodeIgniter->run()
#10 C:\wamp64\www\nagari\vendor\codeigniter4\framework\system\Commands\Server\rewrite.php(45): require_once('C:\\wamp64\\www\\n...')
#11 {main}
CRITICAL - 2021-08-06 09:18:35 --> Class name must be a valid object or a string
#0 C:\wamp64\www\nagari\vendor\codeigniter4\framework\system\Config\BaseService.php(263): Myth\Auth\Config\Services::activator(Object(Myth\Auth\Config\Auth), false)
#1 C:\wamp64\www\nagari\vendor\codeigniter4\framework\system\Config\BaseService.php(192): CodeIgniter\Config\BaseService::__callStatic('activator', Array)
#2 C:\wamp64\www\nagari\vendor\myth\auth\src\Config\Services.php(86): CodeIgniter\Config\BaseService::getSharedInstance('activator', NULL)
#3 C:\wamp64\www\nagari\vendor\codeigniter4\framework\system\Config\BaseService.php(263): Myth\Auth\Config\Services::activator()
#4 C:\wamp64\www\nagari\vendor\codeigniter4\framework\system\Common.php(1084): CodeIgniter\Config\BaseService::__callStatic('activator', Array)
#5 C:\wamp64\www\nagari\vendor\myth\auth\src\Controllers\AuthController.php(186): service('activator')
#6 C:\wamp64\www\nagari\vendor\codeigniter4\framework\system\CodeIgniter.php(928): Myth\Auth\Controllers\AuthController->attemptRegister()
#7 C:\wamp64\www\nagari\vendor\codeigniter4\framework\system\CodeIgniter.php(436): CodeIgniter\CodeIgniter->runController(Object(Myth\Auth\Controllers\AuthController))
#8 C:\wamp64\www\nagari\vendor\codeigniter4\framework\system\CodeIgniter.php(336): CodeIgniter\CodeIgniter->handleRequest(NULL, Object(Config\Cache), false)
#9 C:\wamp64\www\nagari\public\index.php(37): CodeIgniter\CodeIgniter->run()
#10 C:\wamp64\www\nagari\vendor\codeigniter4\framework\system\Commands\Server\rewrite.php(45): require_once('C:\\wamp64\\www\\n...')
#11 {main}
ERROR - 2021-08-06 09:22:23 --> Error connecting to the database: Class 'SQLite3' not found
ERROR - 2021-08-06 09:27:07 --> Error connecting to the database: Class 'SQLite3' not found
CRITICAL - 2021-08-06 09:27:25 --> default is not a valid database connection group.
#0 C:\wamp64\www\nagari\vendor\codeigniter4\framework\system\Common.php(370): CodeIgniter\Database\Config::connect('default', true)
#1 C:\wamp64\www\nagari\vendor\codeigniter4\framework\system\Database\MigrationRunner.php(150): db_connect(NULL)
#2 C:\wamp64\www\nagari\vendor\codeigniter4\framework\system\Config\Services.php(465): CodeIgniter\Database\MigrationRunner->__construct(NULL, NULL)
#3 C:\wamp64\www\nagari\vendor\codeigniter4\framework\system\Config\BaseService.php(263): CodeIgniter\Config\Services::migrations(Object(Config\Migrations), NULL, false)
#4 C:\wamp64\www\nagari\vendor\codeigniter4\framework\system\Config\BaseService.php(192): CodeIgniter\Config\BaseService::__callStatic('migrations', Array)
#5 C:\wamp64\www\nagari\vendor\codeigniter4\framework\system\Config\Services.php(460): CodeIgniter\Config\BaseService::getSharedInstance('migrations', NULL, NULL)
#6 C:\wamp64\www\nagari\vendor\codeigniter4\framework\system\Config\BaseService.php(263): CodeIgniter\Config\Services::migrations()
#7 C:\wamp64\www\nagari\vendor\codeigniter4\framework\system\Commands\Database\Migrate.php(73): CodeIgniter\Config\BaseService::__callStatic('migrations', Array)
#8 C:\wamp64\www\nagari\vendor\codeigniter4\framework\system\CLI\Commands.php(67): CodeIgniter\Commands\Database\Migrate->run(Array)
#9 C:\wamp64\www\nagari\vendor\codeigniter4\framework\system\CLI\CommandRunner.php(71): CodeIgniter\CLI\Commands->run('migrate', Array)
#10 C:\wamp64\www\nagari\vendor\codeigniter4\framework\system\CLI\CommandRunner.php(56): CodeIgniter\CLI\CommandRunner->index(Array)
#11 C:\wamp64\www\nagari\vendor\codeigniter4\framework\system\CodeIgniter.php(924): CodeIgniter\CLI\CommandRunner->_remap('index', 'migrate')
#12 C:\wamp64\www\nagari\vendor\codeigniter4\framework\system\CodeIgniter.php(436): CodeIgniter\CodeIgniter->runController(Object(CodeIgniter\CLI\CommandRunner))
#13 C:\wamp64\www\nagari\vendor\codeigniter4\framework\system\CodeIgniter.php(336): CodeIgniter\CodeIgniter->handleRequest(NULL, Object(Config\Cache), false)
#14 C:\wamp64\www\nagari\vendor\codeigniter4\framework\system\CLI\Console.php(61): CodeIgniter\CodeIgniter->run()
#15 C:\wamp64\www\nagari\spark(65): CodeIgniter\CLI\Console->run()
#16 {main}
ERROR - 2021-08-06 09:31:19 --> Error connecting to the database: Class 'SQLite3' not found
