CRITICAL - 2021-08-12 08:16:04 --> Undefined variable: x
#0 C:\wamp64\www\nagari\app\Controllers\Home.php(28): CodeIgniter\Debug\Exceptions->errorHandler(8, 'Undefined varia...', 'C:\\wamp64\\www\\n...', 28, Array)
#1 C:\wamp64\www\nagari\vendor\codeigniter4\framework\system\CodeIgniter.php(928): App\Controllers\Home->index()
#2 C:\wamp64\www\nagari\vendor\codeigniter4\framework\system\CodeIgniter.php(436): CodeIgniter\CodeIgniter->runController(Object(App\Controllers\Home))
#3 C:\wamp64\www\nagari\vendor\codeigniter4\framework\system\CodeIgniter.php(336): CodeIgniter\CodeIgniter->handleRequest(NULL, Object(Config\Cache), false)
#4 C:\wamp64\www\nagari\public\index.php(37): CodeIgniter\CodeIgniter->run()
#5 C:\wamp64\www\nagari\vendor\codeigniter4\framework\system\Commands\Server\rewrite.php(45): require_once('C:\\wamp64\\www\\n...')
#6 {main}
CRITICAL - 2021-08-12 08:16:41 --> Trying to get property 'password_hash' of non-object
#0 C:\wamp64\www\nagari\vendor\myth\auth\src\Authentication\LocalAuthenticator.php(165): CodeIgniter\Debug\Exceptions->errorHandler(8, 'Trying to get p...', 'C:\\wamp64\\www\\n...', 165, Array)
#1 C:\wamp64\www\nagari\vendor\myth\auth\src\Authentication\LocalAuthenticator.php(20): Myth\Auth\Authentication\LocalAuthenticator->validate(Array, true)
#2 C:\wamp64\www\nagari\vendor\myth\auth\src\Controllers\AuthController.php(88): Myth\Auth\Authentication\LocalAuthenticator->attempt(Array, false)
#3 C:\wamp64\www\nagari\vendor\codeigniter4\framework\system\CodeIgniter.php(928): Myth\Auth\Controllers\AuthController->attemptLogin()
#4 C:\wamp64\www\nagari\vendor\codeigniter4\framework\system\CodeIgniter.php(436): CodeIgniter\CodeIgniter->runController(Object(Myth\Auth\Controllers\AuthController))
#5 C:\wamp64\www\nagari\vendor\codeigniter4\framework\system\CodeIgniter.php(336): CodeIgniter\CodeIgniter->handleRequest(NULL, Object(Config\Cache), false)
#6 C:\wamp64\www\nagari\public\index.php(37): CodeIgniter\CodeIgniter->run()
#7 C:\wamp64\www\nagari\vendor\codeigniter4\framework\system\Commands\Server\rewrite.php(45): require_once('C:\\wamp64\\www\\n...')
#8 {main}
CRITICAL - 2021-08-12 08:16:58 --> Trying to get property 'password_hash' of non-object
#0 C:\wamp64\www\nagari\vendor\myth\auth\src\Authentication\LocalAuthenticator.php(165): CodeIgniter\Debug\Exceptions->errorHandler(8, 'Trying to get p...', 'C:\\wamp64\\www\\n...', 165, Array)
#1 C:\wamp64\www\nagari\vendor\myth\auth\src\Authentication\LocalAuthenticator.php(20): Myth\Auth\Authentication\LocalAuthenticator->validate(Array, true)
#2 C:\wamp64\www\nagari\vendor\myth\auth\src\Controllers\AuthController.php(88): Myth\Auth\Authentication\LocalAuthenticator->attempt(Array, false)
#3 C:\wamp64\www\nagari\vendor\codeigniter4\framework\system\CodeIgniter.php(928): Myth\Auth\Controllers\AuthController->attemptLogin()
#4 C:\wamp64\www\nagari\vendor\codeigniter4\framework\system\CodeIgniter.php(436): CodeIgniter\CodeIgniter->runController(Object(Myth\Auth\Controllers\AuthController))
#5 C:\wamp64\www\nagari\vendor\codeigniter4\framework\system\CodeIgniter.php(336): CodeIgniter\CodeIgniter->handleRequest(NULL, Object(Config\Cache), false)
#6 C:\wamp64\www\nagari\public\index.php(37): CodeIgniter\CodeIgniter->run()
#7 C:\wamp64\www\nagari\vendor\codeigniter4\framework\system\Commands\Server\rewrite.php(45): require_once('C:\\wamp64\\www\\n...')
#8 {main}
CRITICAL - 2021-08-12 08:18:05 --> Cannot declare class App\Models\UserModel, because the name is already in use
#0 [internal function]: CodeIgniter\Debug\Exceptions->shutdownHandler()
#1 {main}
CRITICAL - 2021-08-12 08:18:26 --> Class 'App\Models\UModel' not found
#0 C:\wamp64\www\nagari\vendor\codeigniter4\framework\system\CodeIgniter.php(900): App\Controllers\Profile->__construct()
#1 C:\wamp64\www\nagari\vendor\codeigniter4\framework\system\CodeIgniter.php(426): CodeIgniter\CodeIgniter->createController()
#2 C:\wamp64\www\nagari\vendor\codeigniter4\framework\system\CodeIgniter.php(336): CodeIgniter\CodeIgniter->handleRequest(NULL, Object(Config\Cache), false)
#3 C:\wamp64\www\nagari\public\index.php(37): CodeIgniter\CodeIgniter->run()
#4 C:\wamp64\www\nagari\vendor\codeigniter4\framework\system\Commands\Server\rewrite.php(45): require_once('C:\\wamp64\\www\\n...')
#5 {main}
CRITICAL - 2021-08-12 08:18:42 --> Call to undefined method App\Models\PendudukModel::getUser
#0 C:\wamp64\www\nagari\app\Controllers\Profile.php(21): CodeIgniter\Model->__call('getUser', Array)
#1 C:\wamp64\www\nagari\vendor\codeigniter4\framework\system\CodeIgniter.php(928): App\Controllers\Profile->edit()
#2 C:\wamp64\www\nagari\vendor\codeigniter4\framework\system\CodeIgniter.php(436): CodeIgniter\CodeIgniter->runController(Object(App\Controllers\Profile))
#3 C:\wamp64\www\nagari\vendor\codeigniter4\framework\system\CodeIgniter.php(336): CodeIgniter\CodeIgniter->handleRequest(NULL, Object(Config\Cache), false)
#4 C:\wamp64\www\nagari\public\index.php(37): CodeIgniter\CodeIgniter->run()
#5 C:\wamp64\www\nagari\vendor\codeigniter4\framework\system\Commands\Server\rewrite.php(45): require_once('C:\\wamp64\\www\\n...')
#6 {main}
CRITICAL - 2021-08-12 08:19:14 --> Call to undefined method App\Models\PendudukModel::getUser
#0 C:\wamp64\www\nagari\app\Controllers\Profile.php(21): CodeIgniter\Model->__call('getUser', Array)
#1 C:\wamp64\www\nagari\vendor\codeigniter4\framework\system\CodeIgniter.php(928): App\Controllers\Profile->edit()
#2 C:\wamp64\www\nagari\vendor\codeigniter4\framework\system\CodeIgniter.php(436): CodeIgniter\CodeIgniter->runController(Object(App\Controllers\Profile))
#3 C:\wamp64\www\nagari\vendor\codeigniter4\framework\system\CodeIgniter.php(336): CodeIgniter\CodeIgniter->handleRequest(NULL, Object(Config\Cache), false)
#4 C:\wamp64\www\nagari\public\index.php(37): CodeIgniter\CodeIgniter->run()
#5 C:\wamp64\www\nagari\vendor\codeigniter4\framework\system\Commands\Server\rewrite.php(45): require_once('C:\\wamp64\\www\\n...')
#6 {main}
CRITICAL - 2021-08-12 08:19:19 --> Undefined property: stdClass::$nik
#0 C:\wamp64\www\nagari\app\Controllers\Profile.php(24): CodeIgniter\Debug\Exceptions->errorHandler(8, 'Undefined prope...', 'C:\\wamp64\\www\\n...', 24, Array)
#1 C:\wamp64\www\nagari\vendor\codeigniter4\framework\system\CodeIgniter.php(928): App\Controllers\Profile->edit()
#2 C:\wamp64\www\nagari\vendor\codeigniter4\framework\system\CodeIgniter.php(436): CodeIgniter\CodeIgniter->runController(Object(App\Controllers\Profile))
#3 C:\wamp64\www\nagari\vendor\codeigniter4\framework\system\CodeIgniter.php(336): CodeIgniter\CodeIgniter->handleRequest(NULL, Object(Config\Cache), false)
#4 C:\wamp64\www\nagari\public\index.php(37): CodeIgniter\CodeIgniter->run()
#5 C:\wamp64\www\nagari\vendor\codeigniter4\framework\system\Commands\Server\rewrite.php(45): require_once('C:\\wamp64\\www\\n...')
#6 {main}
CRITICAL - 2021-08-12 08:19:33 --> Invalid file: user/edit.php
#0 C:\wamp64\www\nagari\vendor\codeigniter4\framework\system\View\View.php(213): CodeIgniter\Exceptions\FrameworkException::forInvalidFile('user/edit.php')
#1 C:\wamp64\www\nagari\vendor\codeigniter4\framework\system\Common.php(1271): CodeIgniter\View\View->render('user/edit', Array, true)
#2 C:\wamp64\www\nagari\app\Controllers\Profile.php(34): view('user/edit', Array)
#3 C:\wamp64\www\nagari\vendor\codeigniter4\framework\system\CodeIgniter.php(928): App\Controllers\Profile->edit()
#4 C:\wamp64\www\nagari\vendor\codeigniter4\framework\system\CodeIgniter.php(436): CodeIgniter\CodeIgniter->runController(Object(App\Controllers\Profile))
#5 C:\wamp64\www\nagari\vendor\codeigniter4\framework\system\CodeIgniter.php(336): CodeIgniter\CodeIgniter->handleRequest(NULL, Object(Config\Cache), false)
#6 C:\wamp64\www\nagari\public\index.php(37): CodeIgniter\CodeIgniter->run()
#7 C:\wamp64\www\nagari\vendor\codeigniter4\framework\system\Commands\Server\rewrite.php(45): require_once('C:\\wamp64\\www\\n...')
#8 {main}
CRITICAL - 2021-08-12 08:19:43 --> Invalid file: user/edit.php
#0 C:\wamp64\www\nagari\vendor\codeigniter4\framework\system\View\View.php(213): CodeIgniter\Exceptions\FrameworkException::forInvalidFile('user/edit.php')
#1 C:\wamp64\www\nagari\vendor\codeigniter4\framework\system\Common.php(1271): CodeIgniter\View\View->render('user/edit', Array, true)
#2 C:\wamp64\www\nagari\app\Controllers\Profile.php(34): view('user/edit', Array)
#3 C:\wamp64\www\nagari\vendor\codeigniter4\framework\system\CodeIgniter.php(928): App\Controllers\Profile->edit()
#4 C:\wamp64\www\nagari\vendor\codeigniter4\framework\system\CodeIgniter.php(436): CodeIgniter\CodeIgniter->runController(Object(App\Controllers\Profile))
#5 C:\wamp64\www\nagari\vendor\codeigniter4\framework\system\CodeIgniter.php(336): CodeIgniter\CodeIgniter->handleRequest(NULL, Object(Config\Cache), false)
#6 C:\wamp64\www\nagari\public\index.php(37): CodeIgniter\CodeIgniter->run()
#7 C:\wamp64\www\nagari\vendor\codeigniter4\framework\system\Commands\Server\rewrite.php(45): require_once('C:\\wamp64\\www\\n...')
#8 {main}
CRITICAL - 2021-08-12 08:19:50 --> Invalid file: user/edit.php
#0 C:\wamp64\www\nagari\vendor\codeigniter4\framework\system\View\View.php(213): CodeIgniter\Exceptions\FrameworkException::forInvalidFile('user/edit.php')
#1 C:\wamp64\www\nagari\vendor\codeigniter4\framework\system\Common.php(1271): CodeIgniter\View\View->render('user/edit', Array, true)
#2 C:\wamp64\www\nagari\app\Controllers\Profile.php(34): view('user/edit', Array)
#3 C:\wamp64\www\nagari\vendor\codeigniter4\framework\system\CodeIgniter.php(928): App\Controllers\Profile->edit()
#4 C:\wamp64\www\nagari\vendor\codeigniter4\framework\system\CodeIgniter.php(436): CodeIgniter\CodeIgniter->runController(Object(App\Controllers\Profile))
#5 C:\wamp64\www\nagari\vendor\codeigniter4\framework\system\CodeIgniter.php(336): CodeIgniter\CodeIgniter->handleRequest(NULL, Object(Config\Cache), false)
#6 C:\wamp64\www\nagari\public\index.php(37): CodeIgniter\CodeIgniter->run()
#7 C:\wamp64\www\nagari\vendor\codeigniter4\framework\system\Commands\Server\rewrite.php(45): require_once('C:\\wamp64\\www\\n...')
#8 {main}
CRITICAL - 2021-08-12 08:20:06 --> Invalid file: user/edit.php
#0 C:\wamp64\www\nagari\vendor\codeigniter4\framework\system\View\View.php(213): CodeIgniter\Exceptions\FrameworkException::forInvalidFile('user/edit.php')
#1 C:\wamp64\www\nagari\vendor\codeigniter4\framework\system\Common.php(1271): CodeIgniter\View\View->render('user/edit', Array, true)
#2 C:\wamp64\www\nagari\app\Controllers\Profile.php(34): view('user/edit', Array)
#3 C:\wamp64\www\nagari\vendor\codeigniter4\framework\system\CodeIgniter.php(928): App\Controllers\Profile->edit()
#4 C:\wamp64\www\nagari\vendor\codeigniter4\framework\system\CodeIgniter.php(436): CodeIgniter\CodeIgniter->runController(Object(App\Controllers\Profile))
#5 C:\wamp64\www\nagari\vendor\codeigniter4\framework\system\CodeIgniter.php(336): CodeIgniter\CodeIgniter->handleRequest(NULL, Object(Config\Cache), false)
#6 C:\wamp64\www\nagari\public\index.php(37): CodeIgniter\CodeIgniter->run()
#7 C:\wamp64\www\nagari\vendor\codeigniter4\framework\system\Commands\Server\rewrite.php(45): require_once('C:\\wamp64\\www\\n...')
#8 {main}
CRITICAL - 2021-08-12 08:20:14 --> Invalid file: user/edit.php
#0 C:\wamp64\www\nagari\vendor\codeigniter4\framework\system\View\View.php(213): CodeIgniter\Exceptions\FrameworkException::forInvalidFile('user/edit.php')
#1 C:\wamp64\www\nagari\vendor\codeigniter4\framework\system\Common.php(1271): CodeIgniter\View\View->render('user/edit', Array, true)
#2 C:\wamp64\www\nagari\app\Controllers\Profile.php(34): view('user/edit', Array)
#3 C:\wamp64\www\nagari\vendor\codeigniter4\framework\system\CodeIgniter.php(928): App\Controllers\Profile->edit()
#4 C:\wamp64\www\nagari\vendor\codeigniter4\framework\system\CodeIgniter.php(436): CodeIgniter\CodeIgniter->runController(Object(App\Controllers\Profile))
#5 C:\wamp64\www\nagari\vendor\codeigniter4\framework\system\CodeIgniter.php(336): CodeIgniter\CodeIgniter->handleRequest(NULL, Object(Config\Cache), false)
#6 C:\wamp64\www\nagari\public\index.php(37): CodeIgniter\CodeIgniter->run()
#7 C:\wamp64\www\nagari\vendor\codeigniter4\framework\system\Commands\Server\rewrite.php(45): require_once('C:\\wamp64\\www\\n...')
#8 {main}
CRITICAL - 2021-08-12 08:20:23 --> Undefined variable: mati
#0 C:\wamp64\www\nagari\app\Views\profile\edit.php(36): CodeIgniter\Debug\Exceptions->errorHandler(8, 'Undefined varia...', 'C:\\wamp64\\www\\n...', 36, Array)
#1 C:\wamp64\www\nagari\vendor\codeigniter4\framework\system\View\View.php(230): include('C:\\wamp64\\www\\n...')
#2 C:\wamp64\www\nagari\vendor\codeigniter4\framework\system\View\View.php(232): CodeIgniter\View\View->CodeIgniter\View\{closure}()
#3 C:\wamp64\www\nagari\vendor\codeigniter4\framework\system\Common.php(1271): CodeIgniter\View\View->render('profile/edit', Array, true)
#4 C:\wamp64\www\nagari\app\Controllers\Profile.php(34): view('profile/edit', Array)
#5 C:\wamp64\www\nagari\vendor\codeigniter4\framework\system\CodeIgniter.php(928): App\Controllers\Profile->edit()
#6 C:\wamp64\www\nagari\vendor\codeigniter4\framework\system\CodeIgniter.php(436): CodeIgniter\CodeIgniter->runController(Object(App\Controllers\Profile))
#7 C:\wamp64\www\nagari\vendor\codeigniter4\framework\system\CodeIgniter.php(336): CodeIgniter\CodeIgniter->handleRequest(NULL, Object(Config\Cache), false)
#8 C:\wamp64\www\nagari\public\index.php(37): CodeIgniter\CodeIgniter->run()
#9 C:\wamp64\www\nagari\vendor\codeigniter4\framework\system\Commands\Server\rewrite.php(45): require_once('C:\\wamp64\\www\\n...')
#10 {main}
CRITICAL - 2021-08-12 08:20:37 --> Undefined variable: link
#0 C:\wamp64\www\nagari\app\Views\template\header.php(16): CodeIgniter\Debug\Exceptions->errorHandler(8, 'Undefined varia...', 'C:\\wamp64\\www\\n...', 16, Array)
#1 C:\wamp64\www\nagari\vendor\codeigniter4\framework\system\View\View.php(230): include('C:\\wamp64\\www\\n...')
#2 C:\wamp64\www\nagari\vendor\codeigniter4\framework\system\View\View.php(232): CodeIgniter\View\View->CodeIgniter\View\{closure}()
#3 C:\wamp64\www\nagari\vendor\codeigniter4\framework\system\View\View.php(487): CodeIgniter\View\View->render('template/header', NULL, true)
#4 C:\wamp64\www\nagari\app\Views\template\index.php(2): CodeIgniter\View\View->include('template/header')
#5 C:\wamp64\www\nagari\vendor\codeigniter4\framework\system\View\View.php(230): include('C:\\wamp64\\www\\n...')
#6 C:\wamp64\www\nagari\vendor\codeigniter4\framework\system\View\View.php(232): CodeIgniter\View\View->CodeIgniter\View\{closure}()
#7 C:\wamp64\www\nagari\vendor\codeigniter4\framework\system\View\View.php(246): CodeIgniter\View\View->render('template/index', Array, true)
#8 C:\wamp64\www\nagari\vendor\codeigniter4\framework\system\Common.php(1271): CodeIgniter\View\View->render('profile/edit', Array, true)
#9 C:\wamp64\www\nagari\app\Controllers\Profile.php(34): view('profile/edit', Array)
#10 C:\wamp64\www\nagari\vendor\codeigniter4\framework\system\CodeIgniter.php(928): App\Controllers\Profile->edit()
#11 C:\wamp64\www\nagari\vendor\codeigniter4\framework\system\CodeIgniter.php(436): CodeIgniter\CodeIgniter->runController(Object(App\Controllers\Profile))
#12 C:\wamp64\www\nagari\vendor\codeigniter4\framework\system\CodeIgniter.php(336): CodeIgniter\CodeIgniter->handleRequest(NULL, Object(Config\Cache), false)
#13 C:\wamp64\www\nagari\public\index.php(37): CodeIgniter\CodeIgniter->run()
#14 C:\wamp64\www\nagari\vendor\codeigniter4\framework\system\Commands\Server\rewrite.php(45): require_once('C:\\wamp64\\www\\n...')
#15 {main}
CRITICAL - 2021-08-12 08:21:23 --> Undefined variable: mati
#0 C:\wamp64\www\nagari\app\Views\profile\edit.php(36): CodeIgniter\Debug\Exceptions->errorHandler(8, 'Undefined varia...', 'C:\\wamp64\\www\\n...', 36, Array)
#1 C:\wamp64\www\nagari\vendor\codeigniter4\framework\system\View\View.php(230): include('C:\\wamp64\\www\\n...')
#2 C:\wamp64\www\nagari\vendor\codeigniter4\framework\system\View\View.php(232): CodeIgniter\View\View->CodeIgniter\View\{closure}()
#3 C:\wamp64\www\nagari\vendor\codeigniter4\framework\system\Common.php(1271): CodeIgniter\View\View->render('profile/edit', Array, true)
#4 C:\wamp64\www\nagari\app\Controllers\Profile.php(35): view('profile/edit', Array)
#5 C:\wamp64\www\nagari\vendor\codeigniter4\framework\system\CodeIgniter.php(928): App\Controllers\Profile->edit()
#6 C:\wamp64\www\nagari\vendor\codeigniter4\framework\system\CodeIgniter.php(436): CodeIgniter\CodeIgniter->runController(Object(App\Controllers\Profile))
#7 C:\wamp64\www\nagari\vendor\codeigniter4\framework\system\CodeIgniter.php(336): CodeIgniter\CodeIgniter->handleRequest(NULL, Object(Config\Cache), false)
#8 C:\wamp64\www\nagari\public\index.php(37): CodeIgniter\CodeIgniter->run()
#9 C:\wamp64\www\nagari\vendor\codeigniter4\framework\system\Commands\Server\rewrite.php(45): require_once('C:\\wamp64\\www\\n...')
#10 {main}
CRITICAL - 2021-08-12 08:21:28 --> Undefined property: stdClass::$nama
#0 C:\wamp64\www\nagari\app\Views\template\header.php(36): CodeIgniter\Debug\Exceptions->errorHandler(8, 'Undefined prope...', 'C:\\wamp64\\www\\n...', 36, Array)
#1 C:\wamp64\www\nagari\vendor\codeigniter4\framework\system\View\View.php(230): include('C:\\wamp64\\www\\n...')
#2 C:\wamp64\www\nagari\vendor\codeigniter4\framework\system\View\View.php(232): CodeIgniter\View\View->CodeIgniter\View\{closure}()
#3 C:\wamp64\www\nagari\vendor\codeigniter4\framework\system\View\View.php(487): CodeIgniter\View\View->render('template/header', NULL, true)
#4 C:\wamp64\www\nagari\app\Views\template\index.php(2): CodeIgniter\View\View->include('template/header')
#5 C:\wamp64\www\nagari\vendor\codeigniter4\framework\system\View\View.php(230): include('C:\\wamp64\\www\\n...')
#6 C:\wamp64\www\nagari\vendor\codeigniter4\framework\system\View\View.php(232): CodeIgniter\View\View->CodeIgniter\View\{closure}()
#7 C:\wamp64\www\nagari\vendor\codeigniter4\framework\system\View\View.php(246): CodeIgniter\View\View->render('template/index', Array, true)
#8 C:\wamp64\www\nagari\vendor\codeigniter4\framework\system\Common.php(1271): CodeIgniter\View\View->render('profile/edit', Array, true)
#9 C:\wamp64\www\nagari\app\Controllers\Profile.php(35): view('profile/edit', Array)
#10 C:\wamp64\www\nagari\vendor\codeigniter4\framework\system\CodeIgniter.php(928): App\Controllers\Profile->edit()
#11 C:\wamp64\www\nagari\vendor\codeigniter4\framework\system\CodeIgniter.php(436): CodeIgniter\CodeIgniter->runController(Object(App\Controllers\Profile))
#12 C:\wamp64\www\nagari\vendor\codeigniter4\framework\system\CodeIgniter.php(336): CodeIgniter\CodeIgniter->handleRequest(NULL, Object(Config\Cache), false)
#13 C:\wamp64\www\nagari\public\index.php(37): CodeIgniter\CodeIgniter->run()
#14 C:\wamp64\www\nagari\vendor\codeigniter4\framework\system\Commands\Server\rewrite.php(45): require_once('C:\\wamp64\\www\\n...')
#15 {main}
CRITICAL - 2021-08-12 08:21:44 --> Undefined property: stdClass::$nama
#0 C:\wamp64\www\nagari\app\Views\template\header.php(36): CodeIgniter\Debug\Exceptions->errorHandler(8, 'Undefined prope...', 'C:\\wamp64\\www\\n...', 36, Array)
#1 C:\wamp64\www\nagari\vendor\codeigniter4\framework\system\View\View.php(230): include('C:\\wamp64\\www\\n...')
#2 C:\wamp64\www\nagari\vendor\codeigniter4\framework\system\View\View.php(232): CodeIgniter\View\View->CodeIgniter\View\{closure}()
#3 C:\wamp64\www\nagari\vendor\codeigniter4\framework\system\View\View.php(487): CodeIgniter\View\View->render('template/header', NULL, true)
#4 C:\wamp64\www\nagari\app\Views\template\index.php(2): CodeIgniter\View\View->include('template/header')
#5 C:\wamp64\www\nagari\vendor\codeigniter4\framework\system\View\View.php(230): include('C:\\wamp64\\www\\n...')
#6 C:\wamp64\www\nagari\vendor\codeigniter4\framework\system\View\View.php(232): CodeIgniter\View\View->CodeIgniter\View\{closure}()
#7 C:\wamp64\www\nagari\vendor\codeigniter4\framework\system\View\View.php(246): CodeIgniter\View\View->render('template/index', Array, true)
#8 C:\wamp64\www\nagari\vendor\codeigniter4\framework\system\Common.php(1271): CodeIgniter\View\View->render('profile/edit', Array, true)
#9 C:\wamp64\www\nagari\app\Controllers\Profile.php(35): view('profile/edit', Array)
#10 C:\wamp64\www\nagari\vendor\codeigniter4\framework\system\CodeIgniter.php(928): App\Controllers\Profile->edit()
#11 C:\wamp64\www\nagari\vendor\codeigniter4\framework\system\CodeIgniter.php(436): CodeIgniter\CodeIgniter->runController(Object(App\Controllers\Profile))
#12 C:\wamp64\www\nagari\vendor\codeigniter4\framework\system\CodeIgniter.php(336): CodeIgniter\CodeIgniter->handleRequest(NULL, Object(Config\Cache), false)
#13 C:\wamp64\www\nagari\public\index.php(37): CodeIgniter\CodeIgniter->run()
#14 C:\wamp64\www\nagari\vendor\codeigniter4\framework\system\Commands\Server\rewrite.php(45): require_once('C:\\wamp64\\www\\n...')
#15 {main}
CRITICAL - 2021-08-12 08:27:36 --> Undefined variable: mati
#0 C:\wamp64\www\nagari\app\Views\profile\edit.php(30): CodeIgniter\Debug\Exceptions->errorHandler(8, 'Undefined varia...', 'C:\\wamp64\\www\\n...', 30, Array)
#1 C:\wamp64\www\nagari\vendor\codeigniter4\framework\system\View\View.php(230): include('C:\\wamp64\\www\\n...')
#2 C:\wamp64\www\nagari\vendor\codeigniter4\framework\system\View\View.php(232): CodeIgniter\View\View->CodeIgniter\View\{closure}()
#3 C:\wamp64\www\nagari\vendor\codeigniter4\framework\system\Common.php(1271): CodeIgniter\View\View->render('profile/edit', Array, true)
#4 C:\wamp64\www\nagari\app\Controllers\Profile.php(35): view('profile/edit', Array)
#5 C:\wamp64\www\nagari\vendor\codeigniter4\framework\system\CodeIgniter.php(928): App\Controllers\Profile->edit()
#6 C:\wamp64\www\nagari\vendor\codeigniter4\framework\system\CodeIgniter.php(436): CodeIgniter\CodeIgniter->runController(Object(App\Controllers\Profile))
#7 C:\wamp64\www\nagari\vendor\codeigniter4\framework\system\CodeIgniter.php(336): CodeIgniter\CodeIgniter->handleRequest(NULL, Object(Config\Cache), false)
#8 C:\wamp64\www\nagari\public\index.php(37): CodeIgniter\CodeIgniter->run()
#9 C:\wamp64\www\nagari\vendor\codeigniter4\framework\system\Commands\Server\rewrite.php(45): require_once('C:\\wamp64\\www\\n...')
#10 {main}
CRITICAL - 2021-08-12 08:27:57 --> Function name must be a string
#0 C:\wamp64\www\nagari\vendor\codeigniter4\framework\system\View\View.php(230): include()
#1 C:\wamp64\www\nagari\vendor\codeigniter4\framework\system\View\View.php(232): CodeIgniter\View\View->CodeIgniter\View\{closure}()
#2 C:\wamp64\www\nagari\vendor\codeigniter4\framework\system\Common.php(1271): CodeIgniter\View\View->render('profile/edit', Array, true)
#3 C:\wamp64\www\nagari\app\Controllers\Profile.php(35): view('profile/edit', Array)
#4 C:\wamp64\www\nagari\vendor\codeigniter4\framework\system\CodeIgniter.php(928): App\Controllers\Profile->edit()
#5 C:\wamp64\www\nagari\vendor\codeigniter4\framework\system\CodeIgniter.php(436): CodeIgniter\CodeIgniter->runController(Object(App\Controllers\Profile))
#6 C:\wamp64\www\nagari\vendor\codeigniter4\framework\system\CodeIgniter.php(336): CodeIgniter\CodeIgniter->handleRequest(NULL, Object(Config\Cache), false)
#7 C:\wamp64\www\nagari\public\index.php(37): CodeIgniter\CodeIgniter->run()
#8 C:\wamp64\www\nagari\vendor\codeigniter4\framework\system\Commands\Server\rewrite.php(45): require_once('C:\\wamp64\\www\\n...')
#9 {main}
CRITICAL - 2021-08-12 08:30:52 --> Undefined property: stdClass::$username
#0 C:\wamp64\www\nagari\app\Views\profile\edit.php(38): CodeIgniter\Debug\Exceptions->errorHandler(8, 'Undefined prope...', 'C:\\wamp64\\www\\n...', 38, Array)
#1 C:\wamp64\www\nagari\vendor\codeigniter4\framework\system\View\View.php(230): include('C:\\wamp64\\www\\n...')
#2 C:\wamp64\www\nagari\vendor\codeigniter4\framework\system\View\View.php(232): CodeIgniter\View\View->CodeIgniter\View\{closure}()
#3 C:\wamp64\www\nagari\vendor\codeigniter4\framework\system\Common.php(1271): CodeIgniter\View\View->render('profile/edit', Array, true)
#4 C:\wamp64\www\nagari\app\Controllers\Profile.php(35): view('profile/edit', Array)
#5 C:\wamp64\www\nagari\vendor\codeigniter4\framework\system\CodeIgniter.php(928): App\Controllers\Profile->edit()
#6 C:\wamp64\www\nagari\vendor\codeigniter4\framework\system\CodeIgniter.php(436): CodeIgniter\CodeIgniter->runController(Object(App\Controllers\Profile))
#7 C:\wamp64\www\nagari\vendor\codeigniter4\framework\system\CodeIgniter.php(336): CodeIgniter\CodeIgniter->handleRequest(NULL, Object(Config\Cache), false)
#8 C:\wamp64\www\nagari\public\index.php(37): CodeIgniter\CodeIgniter->run()
#9 C:\wamp64\www\nagari\vendor\codeigniter4\framework\system\Commands\Server\rewrite.php(45): require_once('C:\\wamp64\\www\\n...')
#10 {main}
