CRITICAL - 2021-10-07 23:27:24 --> Undefined variable: label
#0 C:\wamp64\www\nagari\app\Views\surat\input.php(54): CodeIgniter\Debug\Exceptions->errorHandler(8, 'Undefined varia...', 'C:\\wamp64\\www\\n...', 54, Array)
#1 C:\wamp64\www\nagari\vendor\codeigniter4\framework\system\View\View.php(214): include('C:\\wamp64\\www\\n...')
#2 C:\wamp64\www\nagari\vendor\codeigniter4\framework\system\View\View.php(217): CodeIgniter\View\View->CodeIgniter\View\{closure}()
#3 C:\wamp64\www\nagari\vendor\codeigniter4\framework\system\Common.php(1092): CodeIgniter\View\View->render('surat/input', Array, true)
#4 C:\wamp64\www\nagari\app\Controllers\Domisili.php(131): view('surat/input', Array)
#5 C:\wamp64\www\nagari\vendor\codeigniter4\framework\system\CodeIgniter.php(802): App\Controllers\Domisili->input()
#6 C:\wamp64\www\nagari\vendor\codeigniter4\framework\system\CodeIgniter.php(399): CodeIgniter\CodeIgniter->runController(Object(App\Controllers\Domisili))
#7 C:\wamp64\www\nagari\vendor\codeigniter4\framework\system\CodeIgniter.php(317): CodeIgniter\CodeIgniter->handleRequest(NULL, Object(Config\Cache), false)
#8 C:\wamp64\www\nagari\public\index.php(37): CodeIgniter\CodeIgniter->run()
#9 C:\wamp64\www\nagari\vendor\codeigniter4\framework\system\Commands\Server\rewrite.php(43): require_once('C:\\wamp64\\www\\n...')
#10 {main}
CRITICAL - 2021-10-07 23:34:49 --> Undefined variable: lab
#0 C:\wamp64\www\nagari\app\Views\surat\index.php(64): CodeIgniter\Debug\Exceptions->errorHandler(8, 'Undefined varia...', 'C:\\wamp64\\www\\n...', 64, Array)
#1 C:\wamp64\www\nagari\vendor\codeigniter4\framework\system\View\View.php(214): include('C:\\wamp64\\www\\n...')
#2 C:\wamp64\www\nagari\vendor\codeigniter4\framework\system\View\View.php(217): CodeIgniter\View\View->CodeIgniter\View\{closure}()
#3 C:\wamp64\www\nagari\vendor\codeigniter4\framework\system\Common.php(1092): CodeIgniter\View\View->render('surat/index', Array, true)
#4 C:\wamp64\www\nagari\app\Controllers\Sktm.php(76): view('surat/index', Array)
#5 C:\wamp64\www\nagari\vendor\codeigniter4\framework\system\CodeIgniter.php(802): App\Controllers\Sktm->index()
#6 C:\wamp64\www\nagari\vendor\codeigniter4\framework\system\CodeIgniter.php(399): CodeIgniter\CodeIgniter->runController(Object(App\Controllers\Sktm))
#7 C:\wamp64\www\nagari\vendor\codeigniter4\framework\system\CodeIgniter.php(317): CodeIgniter\CodeIgniter->handleRequest(NULL, Object(Config\Cache), false)
#8 C:\wamp64\www\nagari\public\index.php(37): CodeIgniter\CodeIgniter->run()
#9 C:\wamp64\www\nagari\vendor\codeigniter4\framework\system\Commands\Server\rewrite.php(43): require_once('C:\\wamp64\\www\\n...')
#10 {main}
CRITICAL - 2021-10-07 23:42:52 --> Undefined variable: kk
#0 C:\wamp64\www\nagari\app\Views\surat\printdomisili.php(60): CodeIgniter\Debug\Exceptions->errorHandler(8, 'Undefined varia...', 'C:\\wamp64\\www\\n...', 60, Array)
#1 C:\wamp64\www\nagari\vendor\codeigniter4\framework\system\View\View.php(214): include('C:\\wamp64\\www\\n...')
#2 C:\wamp64\www\nagari\vendor\codeigniter4\framework\system\View\View.php(217): CodeIgniter\View\View->CodeIgniter\View\{closure}()
#3 C:\wamp64\www\nagari\vendor\codeigniter4\framework\system\Common.php(1092): CodeIgniter\View\View->render('surat/printdomi...', Array, true)
#4 C:\wamp64\www\nagari\app\Controllers\Domisili.php(160): view('surat/printdomi...', Array)
#5 C:\wamp64\www\nagari\vendor\codeigniter4\framework\system\CodeIgniter.php(802): App\Controllers\Domisili->print('1')
#6 C:\wamp64\www\nagari\vendor\codeigniter4\framework\system\CodeIgniter.php(399): CodeIgniter\CodeIgniter->runController(Object(App\Controllers\Domisili))
#7 C:\wamp64\www\nagari\vendor\codeigniter4\framework\system\CodeIgniter.php(317): CodeIgniter\CodeIgniter->handleRequest(NULL, Object(Config\Cache), false)
#8 C:\wamp64\www\nagari\public\index.php(37): CodeIgniter\CodeIgniter->run()
#9 C:\wamp64\www\nagari\vendor\codeigniter4\framework\system\Commands\Server\rewrite.php(43): require_once('C:\\wamp64\\www\\n...')
#10 {main}
