CRITICAL - 2021-08-07 08:59:13 --> Class name must be a valid object or a string
#0 C:\wamp64\www\nagari\vendor\codeigniter4\framework\system\Config\BaseService.php(263): Myth\Auth\Config\Services::activator(Object(Myth\Auth\Config\Auth), false)
#1 C:\wamp64\www\nagari\vendor\codeigniter4\framework\system\Config\BaseService.php(192): CodeIgniter\Config\BaseService::__callStatic('activator', Array)
#2 C:\wamp64\www\nagari\vendor\myth\auth\src\Config\Services.php(86): CodeIgniter\Config\BaseService::getSharedInstance('activator', NULL)
#3 C:\wamp64\www\nagari\vendor\codeigniter4\framework\system\Config\BaseService.php(263): Myth\Auth\Config\Services::activator()
#4 C:\wamp64\www\nagari\vendor\codeigniter4\framework\system\Common.php(1084): CodeIgniter\Config\BaseService::__callStatic('activator', Array)
#5 C:\wamp64\www\nagari\vendor\myth\auth\src\Controllers\AuthController.php(186): service('activator')
#6 C:\wamp64\www\nagari\vendor\codeigniter4\framework\system\CodeIgniter.php(928): Myth\Auth\Controllers\AuthController->attemptRegister()
#7 C:\wamp64\www\nagari\vendor\codeigniter4\framework\system\CodeIgniter.php(436): CodeIgniter\CodeIgniter->runController(Object(Myth\Auth\Controllers\AuthController))
#8 C:\wamp64\www\nagari\vendor\codeigniter4\framework\system\CodeIgniter.php(336): CodeIgniter\CodeIgniter->handleRequest(NULL, Object(Config\Cache), false)
#9 C:\wamp64\www\nagari\public\index.php(37): CodeIgniter\CodeIgniter->run()
#10 C:\wamp64\www\nagari\vendor\codeigniter4\framework\system\Commands\Server\rewrite.php(45): require_once('C:\\wamp64\\www\\n...')
#11 {main}
CRITICAL - 2021-08-07 09:02:38 --> Class name must be a valid object or a string
#0 C:\wamp64\www\nagari\vendor\codeigniter4\framework\system\Config\BaseService.php(263): Myth\Auth\Config\Services::activator(Object(Myth\Auth\Config\Auth), false)
#1 C:\wamp64\www\nagari\vendor\codeigniter4\framework\system\Config\BaseService.php(192): CodeIgniter\Config\BaseService::__callStatic('activator', Array)
#2 C:\wamp64\www\nagari\vendor\myth\auth\src\Config\Services.php(84): CodeIgniter\Config\BaseService::getSharedInstance('activator', NULL)
#3 C:\wamp64\www\nagari\vendor\codeigniter4\framework\system\Config\BaseService.php(263): Myth\Auth\Config\Services::activator()
#4 C:\wamp64\www\nagari\vendor\codeigniter4\framework\system\Common.php(1084): CodeIgniter\Config\BaseService::__callStatic('activator', Array)
#5 C:\wamp64\www\nagari\vendor\myth\auth\src\Controllers\AuthController.php(186): service('activator')
#6 C:\wamp64\www\nagari\vendor\codeigniter4\framework\system\CodeIgniter.php(928): Myth\Auth\Controllers\AuthController->attemptRegister()
#7 C:\wamp64\www\nagari\vendor\codeigniter4\framework\system\CodeIgniter.php(436): CodeIgniter\CodeIgniter->runController(Object(Myth\Auth\Controllers\AuthController))
#8 C:\wamp64\www\nagari\vendor\codeigniter4\framework\system\CodeIgniter.php(336): CodeIgniter\CodeIgniter->handleRequest(NULL, Object(Config\Cache), false)
#9 C:\wamp64\www\nagari\public\index.php(37): CodeIgniter\CodeIgniter->run()
#10 C:\wamp64\www\nagari\vendor\codeigniter4\framework\system\Commands\Server\rewrite.php(45): require_once('C:\\wamp64\\www\\n...')
#11 {main}
ERROR - 2021-08-07 20:46:10 --> Email: sendWithMail throwed mail(): Failed to connect to mailserver at &quot;localhost&quot; port 25, verify your &quot;SMTP&quot; and &quot;smtp_port&quot; setting in php.ini or use ini_set()
ERROR - 2021-08-07 20:47:11 --> Email: sendWithMail throwed mail(): Failed to connect to mailserver at &quot;localhost&quot; port 25, verify your &quot;SMTP&quot; and &quot;smtp_port&quot; setting in php.ini or use ini_set()
ERROR - 2021-08-07 20:50:07 --> Email: sendWithMail throwed mail(): Failed to connect to mailserver at &quot;localhost&quot; port 25, verify your &quot;SMTP&quot; and &quot;smtp_port&quot; setting in php.ini or use ini_set()
ERROR - 2021-08-07 20:58:14 --> Email: sendWithMail throwed mail(): Failed to connect to mailserver at &quot;localhost&quot; port 25, verify your &quot;SMTP&quot; and &quot;smtp_port&quot; setting in php.ini or use ini_set()
CRITICAL - 2021-08-07 21:44:28 --> Undefined variable: title
#0 C:\wamp64\www\nagari\app\Views\template\link_css.php(7): CodeIgniter\Debug\Exceptions->errorHandler(8, 'Undefined varia...', 'C:\\wamp64\\www\\n...', 7, Array)
#1 C:\wamp64\www\nagari\vendor\codeigniter4\framework\system\View\View.php(230): include('C:\\wamp64\\www\\n...')
#2 C:\wamp64\www\nagari\vendor\codeigniter4\framework\system\View\View.php(232): CodeIgniter\View\View->CodeIgniter\View\{closure}()
#3 C:\wamp64\www\nagari\vendor\codeigniter4\framework\system\View\View.php(487): CodeIgniter\View\View->render('template/link_c...', NULL, true)
#4 C:\wamp64\www\nagari\app\Views\template\index.php(1): CodeIgniter\View\View->include('template/link_c...')
#5 C:\wamp64\www\nagari\vendor\codeigniter4\framework\system\View\View.php(230): include('C:\\wamp64\\www\\n...')
#6 C:\wamp64\www\nagari\vendor\codeigniter4\framework\system\View\View.php(232): CodeIgniter\View\View->CodeIgniter\View\{closure}()
#7 C:\wamp64\www\nagari\vendor\codeigniter4\framework\system\Common.php(1271): CodeIgniter\View\View->render('template/index', Array, true)
#8 C:\wamp64\www\nagari\app\Controllers\Home.php(9): view('template/index')
#9 C:\wamp64\www\nagari\vendor\codeigniter4\framework\system\CodeIgniter.php(928): App\Controllers\Home->index()
#10 C:\wamp64\www\nagari\vendor\codeigniter4\framework\system\CodeIgniter.php(436): CodeIgniter\CodeIgniter->runController(Object(App\Controllers\Home))
#11 C:\wamp64\www\nagari\vendor\codeigniter4\framework\system\CodeIgniter.php(336): CodeIgniter\CodeIgniter->handleRequest(NULL, Object(Config\Cache), false)
#12 C:\wamp64\www\nagari\public\index.php(37): CodeIgniter\CodeIgniter->run()
#13 C:\wamp64\www\nagari\vendor\codeigniter4\framework\system\Commands\Server\rewrite.php(45): require_once('C:\\wamp64\\www\\n...')
#14 {main}
CRITICAL - 2021-08-07 21:45:16 --> Invalid file: beranda/index.php
#0 C:\wamp64\www\nagari\vendor\codeigniter4\framework\system\View\View.php(213): CodeIgniter\Exceptions\FrameworkException::forInvalidFile('beranda/index.p...')
#1 C:\wamp64\www\nagari\vendor\codeigniter4\framework\system\Common.php(1271): CodeIgniter\View\View->render('beranda/index', Array, true)
#2 C:\wamp64\www\nagari\app\Controllers\Home.php(30): view('beranda/index', Array)
#3 C:\wamp64\www\nagari\vendor\codeigniter4\framework\system\CodeIgniter.php(928): App\Controllers\Home->index()
#4 C:\wamp64\www\nagari\vendor\codeigniter4\framework\system\CodeIgniter.php(436): CodeIgniter\CodeIgniter->runController(Object(App\Controllers\Home))
#5 C:\wamp64\www\nagari\vendor\codeigniter4\framework\system\CodeIgniter.php(336): CodeIgniter\CodeIgniter->handleRequest(NULL, Object(Config\Cache), false)
#6 C:\wamp64\www\nagari\public\index.php(37): CodeIgniter\CodeIgniter->run()
#7 C:\wamp64\www\nagari\vendor\codeigniter4\framework\system\Commands\Server\rewrite.php(45): require_once('C:\\wamp64\\www\\n...')
#8 {main}
CRITICAL - 2021-08-07 22:03:28 --> Invalid file: template/sidebar.php
#0 C:\wamp64\www\nagari\vendor\codeigniter4\framework\system\View\View.php(213): CodeIgniter\Exceptions\FrameworkException::forInvalidFile('template/sideba...')
#1 C:\wamp64\www\nagari\vendor\codeigniter4\framework\system\View\View.php(487): CodeIgniter\View\View->render('template/sideba...', NULL, true)
#2 C:\wamp64\www\nagari\app\Views\template\index.php(11): CodeIgniter\View\View->include('template/sideba...')
#3 C:\wamp64\www\nagari\vendor\codeigniter4\framework\system\View\View.php(230): include('C:\\wamp64\\www\\n...')
#4 C:\wamp64\www\nagari\vendor\codeigniter4\framework\system\View\View.php(232): CodeIgniter\View\View->CodeIgniter\View\{closure}()
#5 C:\wamp64\www\nagari\vendor\codeigniter4\framework\system\Common.php(1271): CodeIgniter\View\View->render('template/index', Array, true)
#6 C:\wamp64\www\nagari\app\Controllers\Home.php(30): view('template/index', Array)
#7 C:\wamp64\www\nagari\vendor\codeigniter4\framework\system\CodeIgniter.php(928): App\Controllers\Home->index()
#8 C:\wamp64\www\nagari\vendor\codeigniter4\framework\system\CodeIgniter.php(436): CodeIgniter\CodeIgniter->runController(Object(App\Controllers\Home))
#9 C:\wamp64\www\nagari\vendor\codeigniter4\framework\system\CodeIgniter.php(336): CodeIgniter\CodeIgniter->handleRequest(NULL, Object(Config\Cache), false)
#10 C:\wamp64\www\nagari\public\index.php(37): CodeIgniter\CodeIgniter->run()
#11 C:\wamp64\www\nagari\vendor\codeigniter4\framework\system\Commands\Server\rewrite.php(45): require_once('C:\\wamp64\\www\\n...')
#12 {main}
CRITICAL - 2021-08-07 22:03:35 --> Invalid file: template/sidebar.php
#0 C:\wamp64\www\nagari\vendor\codeigniter4\framework\system\View\View.php(213): CodeIgniter\Exceptions\FrameworkException::forInvalidFile('template/sideba...')
#1 C:\wamp64\www\nagari\vendor\codeigniter4\framework\system\View\View.php(487): CodeIgniter\View\View->render('template/sideba...', NULL, true)
#2 C:\wamp64\www\nagari\app\Views\template\index.php(11): CodeIgniter\View\View->include('template/sideba...')
#3 C:\wamp64\www\nagari\vendor\codeigniter4\framework\system\View\View.php(230): include('C:\\wamp64\\www\\n...')
#4 C:\wamp64\www\nagari\vendor\codeigniter4\framework\system\View\View.php(232): CodeIgniter\View\View->CodeIgniter\View\{closure}()
#5 C:\wamp64\www\nagari\vendor\codeigniter4\framework\system\Common.php(1271): CodeIgniter\View\View->render('template/index', Array, true)
#6 C:\wamp64\www\nagari\app\Controllers\Home.php(30): view('template/index', Array)
#7 C:\wamp64\www\nagari\vendor\codeigniter4\framework\system\CodeIgniter.php(928): App\Controllers\Home->index()
#8 C:\wamp64\www\nagari\vendor\codeigniter4\framework\system\CodeIgniter.php(436): CodeIgniter\CodeIgniter->runController(Object(App\Controllers\Home))
#9 C:\wamp64\www\nagari\vendor\codeigniter4\framework\system\CodeIgniter.php(336): CodeIgniter\CodeIgniter->handleRequest(NULL, Object(Config\Cache), false)
#10 C:\wamp64\www\nagari\public\index.php(37): CodeIgniter\CodeIgniter->run()
#11 C:\wamp64\www\nagari\vendor\codeigniter4\framework\system\Commands\Server\rewrite.php(45): require_once('C:\\wamp64\\www\\n...')
#12 {main}
