CRITICAL - 2021-10-11 22:34:42 --> syntax error, unexpected 'session' (T_STRING), expecting function (T_FUNCTION) or const (T_CONST)
#0 C:\wamp64\www\nagari\vendor\codeigniter4\framework\system\Router\Router.php(160): CodeIgniter\Router\Router->autoRoute('ulama/import')
#1 C:\wamp64\www\nagari\vendor\codeigniter4\framework\system\CodeIgniter.php(702): CodeIgniter\Router\Router->handle('ulama/import')
#2 C:\wamp64\www\nagari\vendor\codeigniter4\framework\system\CodeIgniter.php(358): CodeIgniter\CodeIgniter->tryToRouteIt(Object(CodeIgniter\Router\RouteCollection))
#3 C:\wamp64\www\nagari\vendor\codeigniter4\framework\system\CodeIgniter.php(317): CodeIgniter\CodeIgniter->handleRequest(NULL, Object(Config\Cache), false)
#4 C:\wamp64\www\nagari\public\index.php(37): CodeIgniter\CodeIgniter->run()
#5 C:\wamp64\www\nagari\vendor\codeigniter4\framework\system\Commands\Server\rewrite.php(43): require_once('C:\\wamp64\\www\\n...')
#6 {main}
CRITICAL - 2021-10-11 22:34:44 --> syntax error, unexpected 'session' (T_STRING), expecting function (T_FUNCTION) or const (T_CONST)
#0 C:\wamp64\www\nagari\vendor\codeigniter4\framework\system\Router\Router.php(160): CodeIgniter\Router\Router->autoRoute('ulama/index')
#1 C:\wamp64\www\nagari\vendor\codeigniter4\framework\system\CodeIgniter.php(702): CodeIgniter\Router\Router->handle('ulama/index')
#2 C:\wamp64\www\nagari\vendor\codeigniter4\framework\system\CodeIgniter.php(358): CodeIgniter\CodeIgniter->tryToRouteIt(Object(CodeIgniter\Router\RouteCollection))
#3 C:\wamp64\www\nagari\vendor\codeigniter4\framework\system\CodeIgniter.php(317): CodeIgniter\CodeIgniter->handleRequest(NULL, Object(Config\Cache), false)
#4 C:\wamp64\www\nagari\public\index.php(37): CodeIgniter\CodeIgniter->run()
#5 C:\wamp64\www\nagari\vendor\codeigniter4\framework\system\Commands\Server\rewrite.php(43): require_once('C:\\wamp64\\www\\n...')
#6 {main}
CRITICAL - 2021-10-11 22:34:50 --> syntax error, unexpected 'session' (T_STRING), expecting function (T_FUNCTION) or const (T_CONST)
#0 C:\wamp64\www\nagari\vendor\codeigniter4\framework\system\Router\Router.php(160): CodeIgniter\Router\Router->autoRoute('ulama/index')
#1 C:\wamp64\www\nagari\vendor\codeigniter4\framework\system\CodeIgniter.php(702): CodeIgniter\Router\Router->handle('ulama/index')
#2 C:\wamp64\www\nagari\vendor\codeigniter4\framework\system\CodeIgniter.php(358): CodeIgniter\CodeIgniter->tryToRouteIt(Object(CodeIgniter\Router\RouteCollection))
#3 C:\wamp64\www\nagari\vendor\codeigniter4\framework\system\CodeIgniter.php(317): CodeIgniter\CodeIgniter->handleRequest(NULL, Object(Config\Cache), false)
#4 C:\wamp64\www\nagari\public\index.php(37): CodeIgniter\CodeIgniter->run()
#5 C:\wamp64\www\nagari\vendor\codeigniter4\framework\system\Commands\Server\rewrite.php(43): require_once('C:\\wamp64\\www\\n...')
#6 {main}
ERROR - 2021-10-11 22:43:47 --> Cannot delete or update a parent row: a foreign key constraint fails (`dbnagari`.`surat`, CONSTRAINT `surat_pem` FOREIGN KEY (`id_pemerintahan`) REFERENCES `pemerintahan` (`id_pemerintahan`))
CRITICAL - 2021-10-11 22:43:47 --> Cannot delete or update a parent row: a foreign key constraint fails (`dbnagari`.`surat`, CONSTRAINT `surat_pem` FOREIGN KEY (`id_pemerintahan`) REFERENCES `pemerintahan` (`id_pemerintahan`))
#0 C:\wamp64\www\nagari\vendor\codeigniter4\framework\system\Database\MySQLi\Connection.php(280): mysqli->query('DELETE FROM `pe...')
#1 C:\wamp64\www\nagari\vendor\codeigniter4\framework\system\Database\BaseConnection.php(663): CodeIgniter\Database\MySQLi\Connection->execute('DELETE FROM `pe...')
#2 C:\wamp64\www\nagari\vendor\codeigniter4\framework\system\Database\BaseConnection.php(591): CodeIgniter\Database\BaseConnection->simpleQuery('DELETE FROM `pe...')
#3 C:\wamp64\www\nagari\vendor\codeigniter4\framework\system\Database\BaseBuilder.php(2175): CodeIgniter\Database\BaseConnection->query('DELETE FROM `pe...', Array, false)
#4 C:\wamp64\www\nagari\app\Models\PerangkatModel.php(40): CodeIgniter\Database\BaseBuilder->delete(Array)
#5 C:\wamp64\www\nagari\app\Controllers\Nagari.php(219): App\Models\PerangkatModel->hapusPerangkat('15')
#6 C:\wamp64\www\nagari\vendor\codeigniter4\framework\system\CodeIgniter.php(802): App\Controllers\Nagari->hapusbanyak()
#7 C:\wamp64\www\nagari\vendor\codeigniter4\framework\system\CodeIgniter.php(399): CodeIgniter\CodeIgniter->runController(Object(App\Controllers\Nagari))
#8 C:\wamp64\www\nagari\vendor\codeigniter4\framework\system\CodeIgniter.php(317): CodeIgniter\CodeIgniter->handleRequest(NULL, Object(Config\Cache), false)
#9 C:\wamp64\www\nagari\public\index.php(37): CodeIgniter\CodeIgniter->run()
#10 C:\wamp64\www\nagari\vendor\codeigniter4\framework\system\Commands\Server\rewrite.php(43): require_once('C:\\wamp64\\www\\n...')
#11 {main}
ERROR - 2021-10-11 22:44:03 --> Cannot delete or update a parent row: a foreign key constraint fails (`dbnagari`.`surat`, CONSTRAINT `surat_pem` FOREIGN KEY (`id_pemerintahan`) REFERENCES `pemerintahan` (`id_pemerintahan`))
CRITICAL - 2021-10-11 22:44:03 --> Cannot delete or update a parent row: a foreign key constraint fails (`dbnagari`.`surat`, CONSTRAINT `surat_pem` FOREIGN KEY (`id_pemerintahan`) REFERENCES `pemerintahan` (`id_pemerintahan`))
#0 C:\wamp64\www\nagari\vendor\codeigniter4\framework\system\Database\MySQLi\Connection.php(280): mysqli->query('DELETE FROM `pe...')
#1 C:\wamp64\www\nagari\vendor\codeigniter4\framework\system\Database\BaseConnection.php(663): CodeIgniter\Database\MySQLi\Connection->execute('DELETE FROM `pe...')
#2 C:\wamp64\www\nagari\vendor\codeigniter4\framework\system\Database\BaseConnection.php(591): CodeIgniter\Database\BaseConnection->simpleQuery('DELETE FROM `pe...')
#3 C:\wamp64\www\nagari\vendor\codeigniter4\framework\system\Database\BaseBuilder.php(2175): CodeIgniter\Database\BaseConnection->query('DELETE FROM `pe...', Array, false)
#4 C:\wamp64\www\nagari\app\Models\PerangkatModel.php(40): CodeIgniter\Database\BaseBuilder->delete(Array)
#5 C:\wamp64\www\nagari\app\Controllers\Nagari.php(219): App\Models\PerangkatModel->hapusPerangkat('15')
#6 C:\wamp64\www\nagari\vendor\codeigniter4\framework\system\CodeIgniter.php(802): App\Controllers\Nagari->hapusbanyak()
#7 C:\wamp64\www\nagari\vendor\codeigniter4\framework\system\CodeIgniter.php(399): CodeIgniter\CodeIgniter->runController(Object(App\Controllers\Nagari))
#8 C:\wamp64\www\nagari\vendor\codeigniter4\framework\system\CodeIgniter.php(317): CodeIgniter\CodeIgniter->handleRequest(NULL, Object(Config\Cache), false)
#9 C:\wamp64\www\nagari\public\index.php(37): CodeIgniter\CodeIgniter->run()
#10 C:\wamp64\www\nagari\vendor\codeigniter4\framework\system\Commands\Server\rewrite.php(43): require_once('C:\\wamp64\\www\\n...')
#11 {main}
ERROR - 2021-10-11 22:44:54 --> Cannot delete or update a parent row: a foreign key constraint fails (`dbnagari`.`surat`, CONSTRAINT `surat_pem` FOREIGN KEY (`id_pemerintahan`) REFERENCES `pemerintahan` (`id_pemerintahan`))
CRITICAL - 2021-10-11 22:44:54 --> Cannot delete or update a parent row: a foreign key constraint fails (`dbnagari`.`surat`, CONSTRAINT `surat_pem` FOREIGN KEY (`id_pemerintahan`) REFERENCES `pemerintahan` (`id_pemerintahan`))
#0 C:\wamp64\www\nagari\vendor\codeigniter4\framework\system\Database\MySQLi\Connection.php(280): mysqli->query('DELETE FROM `pe...')
#1 C:\wamp64\www\nagari\vendor\codeigniter4\framework\system\Database\BaseConnection.php(663): CodeIgniter\Database\MySQLi\Connection->execute('DELETE FROM `pe...')
#2 C:\wamp64\www\nagari\vendor\codeigniter4\framework\system\Database\BaseConnection.php(591): CodeIgniter\Database\BaseConnection->simpleQuery('DELETE FROM `pe...')
#3 C:\wamp64\www\nagari\vendor\codeigniter4\framework\system\Database\BaseBuilder.php(2175): CodeIgniter\Database\BaseConnection->query('DELETE FROM `pe...', Array, false)
#4 C:\wamp64\www\nagari\app\Models\PerangkatModel.php(40): CodeIgniter\Database\BaseBuilder->delete(Array)
#5 C:\wamp64\www\nagari\app\Controllers\Nagari.php(219): App\Models\PerangkatModel->hapusPerangkat('15')
#6 C:\wamp64\www\nagari\vendor\codeigniter4\framework\system\CodeIgniter.php(802): App\Controllers\Nagari->hapusbanyak()
#7 C:\wamp64\www\nagari\vendor\codeigniter4\framework\system\CodeIgniter.php(399): CodeIgniter\CodeIgniter->runController(Object(App\Controllers\Nagari))
#8 C:\wamp64\www\nagari\vendor\codeigniter4\framework\system\CodeIgniter.php(317): CodeIgniter\CodeIgniter->handleRequest(NULL, Object(Config\Cache), false)
#9 C:\wamp64\www\nagari\public\index.php(37): CodeIgniter\CodeIgniter->run()
#10 C:\wamp64\www\nagari\vendor\codeigniter4\framework\system\Commands\Server\rewrite.php(43): require_once('C:\\wamp64\\www\\n...')
#11 {main}
ERROR - 2021-10-11 22:45:15 --> Cannot delete or update a parent row: a foreign key constraint fails (`dbnagari`.`surat`, CONSTRAINT `surat_pem` FOREIGN KEY (`id_pemerintahan`) REFERENCES `pemerintahan` (`id_pemerintahan`))
CRITICAL - 2021-10-11 22:45:15 --> Cannot delete or update a parent row: a foreign key constraint fails (`dbnagari`.`surat`, CONSTRAINT `surat_pem` FOREIGN KEY (`id_pemerintahan`) REFERENCES `pemerintahan` (`id_pemerintahan`))
#0 C:\wamp64\www\nagari\vendor\codeigniter4\framework\system\Database\MySQLi\Connection.php(280): mysqli->query('DELETE FROM `pe...')
#1 C:\wamp64\www\nagari\vendor\codeigniter4\framework\system\Database\BaseConnection.php(663): CodeIgniter\Database\MySQLi\Connection->execute('DELETE FROM `pe...')
#2 C:\wamp64\www\nagari\vendor\codeigniter4\framework\system\Database\BaseConnection.php(591): CodeIgniter\Database\BaseConnection->simpleQuery('DELETE FROM `pe...')
#3 C:\wamp64\www\nagari\vendor\codeigniter4\framework\system\Database\BaseBuilder.php(2175): CodeIgniter\Database\BaseConnection->query('DELETE FROM `pe...', Array, false)
#4 C:\wamp64\www\nagari\app\Models\PerangkatModel.php(40): CodeIgniter\Database\BaseBuilder->delete(Array)
#5 C:\wamp64\www\nagari\app\Controllers\Nagari.php(199): App\Models\PerangkatModel->hapusPerangkat('15')
#6 C:\wamp64\www\nagari\vendor\codeigniter4\framework\system\CodeIgniter.php(802): App\Controllers\Nagari->delete('15')
#7 C:\wamp64\www\nagari\vendor\codeigniter4\framework\system\CodeIgniter.php(399): CodeIgniter\CodeIgniter->runController(Object(App\Controllers\Nagari))
#8 C:\wamp64\www\nagari\vendor\codeigniter4\framework\system\CodeIgniter.php(317): CodeIgniter\CodeIgniter->handleRequest(NULL, Object(Config\Cache), false)
#9 C:\wamp64\www\nagari\public\index.php(37): CodeIgniter\CodeIgniter->run()
#10 C:\wamp64\www\nagari\vendor\codeigniter4\framework\system\Commands\Server\rewrite.php(43): require_once('C:\\wamp64\\www\\n...')
#11 {main}
